INFO: 2017-06-22 21:58:21,936  330682000046846 : OrderedDict([('corpid', 'D003C5C2D92FB092D07E6AA178F59D5CB08685D23A98ADDAD07DF06B5581D85C'), ('name', '绍兴市上虞南壹金属材料有限公司'), ('regno', '330682000046846'), ('nocorpid', '3306820000116674'), ('entUnscId', '91330604689131747U')])
INFO: 2017-06-22 21:58:31,817  330682000046854 : OrderedDict([('name', '绍兴市上虞区沥海供销合作社北门农资服务部'), ('regno', '330682000046854'), ('nocorpid', '3306820000082275'), ('entUnscId', None), ('corpid', '79363C08B29ADFBDB4D51DCF9C9B3FF2B08685D23A98ADDAD07DF06B5581D85C')])
INFO: 2017-06-22 21:58:41,602  330682000046862 : OrderedDict([('name', '绍兴市上虞区沥海供销合作社三汇分社'), ('regno', '330682000046862'), ('nocorpid', '3306821000002178'), ('entUnscId', None), ('corpid', '56BD98AF874C89BEA234B784A7B98A48B08685D23A98ADDAD07DF06B5581D85C')])
INFO: 2017-06-22 21:59:18,226  330682000046895 : OrderedDict([('name', '上虞市沥海供销合作社联垦综合服务站'), ('regno', '330682000046895'), ('nocorpid', '3306821000002224'), ('corpid', '315F38BE4D96192A3C48522B4CB10F42B08685D23A98ADDAD07DF06B5581D85C'), ('entUnscId', None)])
INFO: 2017-06-22 21:59:24,494  330682000046900 : OrderedDict([('name', '绍兴市上虞区沥海供销合作社沥东分社'), ('regno', '330682000046900'), ('nocorpid', '3306821000002176'), ('corpid', '08AF6C24DE7756FDB93DDB7BDAEB729CB08685D23A98ADDAD07DF06B5581D85C'), ('entUnscId', None)])
INFO: 2017-06-22 21:59:45,296  330682000046918 : OrderedDict([('name', '上虞市沥海供销合作社海涂实验场供应店'), ('regno', '330682000046918'), ('nocorpid', '3306821000002157'), ('corpid', 'D025060EEF1D40F7B029493E2D296B94B08685D23A98ADDAD07DF06B5581D85C'), ('entUnscId', None)])
INFO: 2017-06-22 21:59:54,797  330682000046926 : OrderedDict([('name', '绍兴市上虞区沥海供销合作社海涂商店'), ('regno', '330682000046926'), ('nocorpid', '3306821000002225'), ('corpid', 'E551887EBC79674980B52AA072A921FFB08685D23A98ADDAD07DF06B5581D85C'), ('entUnscId', None)])
INFO: 2017-06-22 22:00:12,806  330682000046942 : OrderedDict([('name', '绍兴上虞崧厦镇万通伞厂'), ('regno', '330682000046942'), ('nocorpid', '3306820000116704'), ('corpid', '2FC66DD59E285F539CC231CC3A3751B2B08685D23A98ADDAD07DF06B5581D85C'), ('entUnscId', '91330604689135932K')])
INFO: 2017-06-22 22:00:31,790  330682000046959 : OrderedDict([('name', '绍兴上虞缘缘瑜伽文化发展有限公司'), ('regno', '330682000046959'), ('nocorpid', '3306820000116705'), ('corpid', 'EB2DC8F04F04654D18B2B12BC9128B52B08685D23A98ADDAD07DF06B5581D85C'), ('entUnscId', '913306046891297004')])
INFO: 2017-06-22 22:00:41,828  330682000046967 : OrderedDict([('name', '上虞和民物业管理有限公司'), ('regno', '330682000046967'), ('nocorpid', '3306820000116683'), ('corpid', '04B64DBE142877C3834FE0A17FF4FFD5B08685D23A98ADDAD07DF06B5581D85C'), ('entUnscId', None)])
INFO: 2017-06-22 22:00:51,550  330682000046975 : OrderedDict([('name', '绍兴上虞永钢伞业有限公司'), ('regno', '330682000046975'), ('nocorpid', '3306820000116715'), ('corpid', 'E0FE44DEB83475BECD93C7D08AADB25AB08685D23A98ADDAD07DF06B5581D85C'), ('entUnscId', '913306046891297191')])
INFO: 2017-06-22 22:01:01,514  330682000046983 : OrderedDict([('name', '浙江上虞农村商业银行股份有限公司沥海支行南汇分理处'), ('regno', '330682000046983'), ('nocorpid', '3306821000002935'), ('corpid', '54DE66886A6274DD4923D788A6451A30B08685D23A98ADDAD07DF06B5581D85C'), ('entUnscId', None)])
INFO: 2017-06-22 22:01:11,566  330682000046991 : OrderedDict([('name', '浙江上虞农村商业银行股份有限公司沥海支行沥东分理处'), ('regno', '330682000046991'), ('nocorpid', '3306820000083849'), ('corpid', '804232F27BC9FF9785116B208CBF83ACB08685D23A98ADDAD07DF06B5581D85C'), ('entUnscId', None)])
INFO: 2017-06-22 22:01:31,653  330682000047009 : OrderedDict([('name', '绍兴市上虞区殡仪馆'), ('regno', '330682000047009'), ('nocorpid', '3306820000052952'), ('corpid', 'A04410676858BC0C0273715C16167B02B08685D23A98ADDAD07DF06B5581D85C'), ('entUnscId', '91330604712582627X')])
INFO: 2017-06-22 22:01:41,340  330682000047017 : OrderedDict([('name', '上虞市汤浦金属材料厂'), ('regno', '330682000047017'), ('nocorpid', '3306820000081222'), ('corpid', '4AE0383DF839EDD3057468621F5E2DA0B08685D23A98ADDAD07DF06B5581D85C'), ('entUnscId', None)])
INFO: 2017-06-22 22:01:50,872  330682000047025 : OrderedDict([('name', '绍兴上虞洲翔工业设备安装有限公司'), ('regno', '330682000047025'), ('nocorpid', '3306820000116722'), ('corpid', 'FDC733CEE00C70A06548B614C76345B7B08685D23A98ADDAD07DF06B5581D85C'), ('entUnscId', '913306046891291290')])
INFO: 2017-06-22 22:02:00,294  330682000047033 : OrderedDict([('name', '上虞市庇亚玺电子有限公司'), ('regno', '330682000047033'), ('nocorpid', '3306820000116684'), ('corpid', '0154738897593416707F3763790A9DF9B08685D23A98ADDAD07DF06B5581D85C'), ('entUnscId', None)])
INFO: 2017-06-22 22:02:09,783  330682000047041 : OrderedDict([('name', '绍兴市上虞建文气动电器有限公司'), ('regno', '330682000047041'), ('nocorpid', '3306820000088346'), ('corpid', 'FC1F1691A5128046C9050754CDFD2E3BB08685D23A98ADDAD07DF06B5581D85C'), ('entUnscId', '9133060475906312X4')])
INFO: 2017-06-22 22:02:20,624  330682000047050 : OrderedDict([('name', '绍兴市上虞区畜禽服务部'), ('regno', '330682000047050'), ('nocorpid', '3306821000001667'), ('corpid', '7CFB2982EBBF94E828EC9E71E81A619BB08685D23A98ADDAD07DF06B5581D85C'), ('entUnscId', '91330604146116786X')])
INFO: 2017-06-22 22:02:40,741  330682000047068 : OrderedDict([('name', '绍兴上虞汇金再生资源有限公司'), ('regno', '330682000047068'), ('nocorpid', '3306820000116736'), ('corpid', 'D4B6570F79F2179032BDBCBD63A111A3B08685D23A98ADDAD07DF06B5581D85C'), ('entUnscId', '91330604689135828F')])
INFO: 2017-06-22 22:02:50,740  330682000047076 : OrderedDict([('name', '上虞市贸信商贸有限公司'), ('regno', '330682000047076'), ('nocorpid', '3306820000116738'), ('corpid', 'CC70361BFE59C06A35550453041979BBB08685D23A98ADDAD07DF06B5581D85C'), ('entUnscId', None)])
INFO: 2017-06-22 22:03:00,687  330682000047084 : OrderedDict([('name', '上虞九康电器有限公司'), ('regno', '330682000047084'), ('nocorpid', '3306820000116743'), ('corpid', 'D44A440FE7E03314F852F48C1608DE5CB08685D23A98ADDAD07DF06B5581D85C'), ('entUnscId', None)])
INFO: 2017-06-22 22:03:10,421  330682000047092 : OrderedDict([('name', '上虞市鼎胜机械设备制造有限公司'), ('regno', '330682000047092'), ('nocorpid', '3306820000116725'), ('corpid', '1F0F05849873B982C887E046574FF6BDB08685D23A98ADDAD07DF06B5581D85C'), ('entUnscId', None)])
INFO: 2017-06-22 22:03:25,734  330682000047105 : OrderedDict([('name', '上虞市华信伞业有限公司'), ('regno', '330682000047105'), ('nocorpid', '3306820000081533'), ('corpid', '4E9C2CCABCEE3AC7A58FE08C5D17C9B8B08685D23A98ADDAD07DF06B5581D85C'), ('entUnscId', None)])
INFO: 2017-06-22 22:03:36,257  330682000047113 : OrderedDict([('name', '绍兴上虞金盛房屋拆迁有限公司'), ('regno', '330682000047113'), ('nocorpid', '3306820000089243'), ('corpid', '10D5BCF562156550615DF39D5D0D8A27B08685D23A98ADDAD07DF06B5581D85C'), ('entUnscId', '91330604760192105L')])
INFO: 2017-06-22 22:03:46,640  330682000047121 : OrderedDict([('name', '绍兴上虞丰盛制冷设备厂'), ('regno', '330682000047121'), ('nocorpid', '3306820000081683'), ('corpid', '8B43514401D7CB045D983841C0E66AC2B08685D23A98ADDAD07DF06B5581D85C'), ('entUnscId', '913306047410341520')])
INFO: 2017-06-22 22:03:57,807  330682000047130 : OrderedDict([('name', '绍兴市上虞区风云网吧'), ('regno', '330682000047130'), ('nocorpid', '3306820000084049'), ('corpid', '0881D27A7B747909E65A6DE18190BC70B08685D23A98ADDAD07DF06B5581D85C'), ('entUnscId', '913306047707155207')])
INFO: 2017-06-22 22:04:18,873  330682000047148 : OrderedDict([('name', '绍兴市上虞华美加油站'), ('regno', '330682000047148'), ('nocorpid', '3306824000002114'), ('corpid', '55E5006B9323906B2FB0D8C865B5BFFAB08685D23A98ADDAD07DF06B5581D85C'), ('entUnscId', '913306047045155399')])
INFO: 2017-06-22 22:04:28,385  330682000047156 : OrderedDict([('name', '浙江中清地面工程有限公司'), ('regno', '330682000047156'), ('nocorpid', '3306820000116766'), ('corpid', 'F6AD04B191C38FB30F34BA7A1D38EA1EB08685D23A98ADDAD07DF06B5581D85C'), ('entUnscId', '91330604689138682D')])
INFO: 2017-06-22 22:04:37,870  330682000047164 : OrderedDict([('name', '绍兴上虞佳羽电器有限公司'), ('regno', '330682000047164'), ('nocorpid', '3306820000082883'), ('corpid', '701514C59222B912AA704D54FAA8052BB08685D23A98ADDAD07DF06B5581D85C'), ('entUnscId', '91330604742043886X')])
INFO: 2017-06-22 22:04:47,327  330682000047172 : OrderedDict([('name', '绍兴市上虞区岭南下湾木制品厂'), ('regno', '330682000047172'), ('nocorpid', '3306820000083436'), ('corpid', 'F0A0376F192EA916BFDC20AFA158E11DB08685D23A98ADDAD07DF06B5581D85C'), ('entUnscId', '9133060474584219XE')])
INFO: 2017-06-22 22:05:06,333  330682000047189 : OrderedDict([('name', '绍兴市上虞康家汽车销售服务有限公司'), ('regno', '330682000047189'), ('nocorpid', '3306820000091622'), ('corpid', 'BFC381C0A458F311D536D2487B2D9A05B08685D23A98ADDAD07DF06B5581D85C'), ('entUnscId', '91330604766422370E')])
INFO: 2017-06-22 22:05:16,493  330682000047197 : OrderedDict([('name', '浙江五洲贸易发展有限公司'), ('regno', '330682000047197'), ('nocorpid', '3306820000084402'), ('corpid', 'BF39C960B30375D1D054FE042079E5F7B08685D23A98ADDAD07DF06B5581D85C'), ('entUnscId', '91330604751151555E')])
INFO: 2017-06-22 22:05:21,684  330682000047201 : OrderedDict([('name', '上虞市崧厦镇生辉制伞厂'), ('regno', '330682000047201'), ('nocorpid', '3306820000116807'), ('corpid', '762243A5E2EE538C59AD14AD2FBB87DEB08685D23A98ADDAD07DF06B5581D85C'), ('entUnscId', None)])
INFO: 2017-06-22 22:05:32,519  330682000047210 : OrderedDict([('name', '上虞市崧厦镇嘉慧制伞厂'), ('regno', '330682000047210'), ('nocorpid', '3306820000116805'), ('corpid', '7D838084AA890AD746C39E5487576E58B08685D23A98ADDAD07DF06B5581D85C'), ('entUnscId', None)])
INFO: 2017-06-22 22:05:52,898  330682000047228 : OrderedDict([('name', '上虞市民生灯具有限公司'), ('regno', '330682000047228'), ('nocorpid', '3306820000082710'), ('corpid', '5CB2C8D482B0C02F9857C421436C1731B08685D23A98ADDAD07DF06B5581D85C'), ('entUnscId', None)])
INFO: 2017-06-22 22:06:02,390  330682000047236 : OrderedDict([('name', '绍兴市上虞区天佳塑钢门窗有限公司'), ('regno', '330682000047236'), ('nocorpid', '3306823000000951'), ('corpid', 'E28F42B27C86779262E006FAE35C2096B08685D23A98ADDAD07DF06B5581D85C'), ('entUnscId', '91330604712579540F')])
INFO: 2017-06-22 22:06:11,866  330682000047244 : OrderedDict([('name', '上虞市天锐广告传媒有限公司'), ('regno', '330682000047244'), ('nocorpid', '3306820000116815'), ('corpid', '7D1EECFFD1048902E814428C347FBFF5B08685D23A98ADDAD07DF06B5581D85C'), ('entUnscId', None)])
INFO: 2017-06-22 22:06:21,792  330682000047252 : OrderedDict([('name', '绍兴伟邦矿机制造有限公司'), ('regno', '330682000047252'), ('nocorpid', '3306820000098666'), ('corpid', 'E6066474A77C70250DE985BF3B4973E5B08685D23A98ADDAD07DF06B5581D85C'), ('entUnscId', '9133060478565250XN')])
INFO: 2017-06-22 22:06:40,746  330682000047269 : OrderedDict([('name', '上虞市农业机械有限公司'), ('regno', '330682000047269'), ('nocorpid', '3306821000000405'), ('corpid', 'F136FB9EB566C640843AB854B81A599EB08685D23A98ADDAD07DF06B5581D85C'), ('entUnscId', None)])
INFO: 2017-06-22 22:06:50,222  330682000047277 : OrderedDict([('name', '绍兴市上虞元迪贸易有限公司'), ('regno', '330682000047277'), ('nocorpid', '3306820000116818'), ('corpid', '9A8C694D8722EE90DC9F2F9BDC915E66B08685D23A98ADDAD07DF06B5581D85C'), ('entUnscId', '9133060468913880X4')])
INFO: 2017-06-22 22:06:59,699  330682000047285 : OrderedDict([('name', '上虞市特灵精机工业有限公司'), ('regno', '330682000047285'), ('nocorpid', '3306820000091260'), ('corpid', 'BC8C7FF24BC02C101CA07DDBD6FAC58BB08685D23A98ADDAD07DF06B5581D85C'), ('entUnscId', None)])
INFO: 2017-06-22 22:07:09,657  330682000047293 : OrderedDict([('name', '上虞舜玉生态农业开发有限公司'), ('regno', '330682000047293'), ('nocorpid', '3306820000116825'), ('corpid', '040F848397BC699FF68863EC2C989B35B08685D23A98ADDAD07DF06B5581D85C'), ('entUnscId', None)])
INFO: 2017-06-22 22:07:26,754  330682000047308 : OrderedDict([('name', '上虞市森宇合成材料厂'), ('regno', '330682000047308'), ('nocorpid', '3306820000081219'), ('corpid', '212723E04FFE9437C191F38023BD7E58B08685D23A98ADDAD07DF06B5581D85C'), ('entUnscId', None)])
INFO: 2017-06-22 22:07:36,507  330682000047316 : OrderedDict([('name', '上虞市小越龙峰轮窑厂'), ('regno', '330682000047316'), ('nocorpid', '3306824000001912'), ('corpid', 'D8AC7C2CB9E1548FFE243333D6193B29B08685D23A98ADDAD07DF06B5581D85C'), ('entUnscId', None)])
INFO: 2017-06-22 22:07:46,045  330682000047324 : OrderedDict([('name', '绍兴市双江建筑材料有限公司'), ('regno', '330682000047324'), ('nocorpid', '3306820000116824'), ('corpid', '3A8ED4EA1B13A5B0934030EEAA0BA083B08685D23A98ADDAD07DF06B5581D85C'), ('entUnscId', '91330604689139407G')])
INFO: 2017-06-22 22:07:55,794  330682000047332 : OrderedDict([('name', '上虞市小越镇农业综合经营部'), ('regno', '330682000047332'), ('nocorpid', '3306820000067415'), ('corpid', '3D41972CA3D15F51D3E7E15CE7B1A233B08685D23A98ADDAD07DF06B5581D85C'), ('entUnscId', None)])
INFO: 2017-06-22 22:08:14,791  330682000047349 : OrderedDict([('name', '上虞市大富豪娱乐有限公司'), ('regno', '330682000047349'), ('nocorpid', '3306820000116826'), ('corpid', 'B0232D80B62B07CD83785098C36615D9B08685D23A98ADDAD07DF06B5581D85C'), ('entUnscId', None)])
INFO: 2017-06-22 22:08:24,294  330682000047357 : OrderedDict([('name', '绍兴上虞三禾风机有限公司'), ('regno', '330682000047357'), ('nocorpid', '3306820000116842'), ('corpid', 'E64C958A36008EED6572E8DF9C315C74B08685D23A98ADDAD07DF06B5581D85C'), ('entUnscId', '91330604689139634M')])
INFO: 2017-06-22 22:08:33,817  330682000047365 : OrderedDict([('name', '绍兴市上虞诚军化工设备有限公司'), ('regno', '330682000047365'), ('nocorpid', '3306820000116845'), ('corpid', '927E1248EBFF6A751642988FC1AAD616B08685D23A98ADDAD07DF06B5581D85C'), ('entUnscId', '913306046891456128')])
INFO: 2017-06-22 22:08:43,298  330682000047373 : OrderedDict([('name', '绍兴市上虞区新建冷冻厂'), ('regno', '330682000047373'), ('nocorpid', '3306824000002344'), ('corpid', '6AF531AD9E7D933687FC973C21695AF1B08685D23A98ADDAD07DF06B5581D85C'), ('entUnscId', '913306041461331210')])
INFO: 2017-06-22 22:08:52,776  330682000047381 : OrderedDict([('name', '浙江百官机电设备有限公司'), ('regno', '330682000047381'), ('nocorpid', '3306821000000421'), ('corpid', '7C0590D93E2EF3BFAB2E18054E2F8C19B08685D23A98ADDAD07DF06B5581D85C'), ('entUnscId', None)])
INFO: 2017-06-22 22:09:03,347  330682000047390 : OrderedDict([('name', '绍兴市赏宇建材有限公司'), ('regno', '330682000047390'), ('nocorpid', '3306820000116858'), ('corpid', '303B3885F4C15C695A7A6F79677BCEE6B08685D23A98ADDAD07DF06B5581D85C'), ('entUnscId', None)])
INFO: 2017-06-22 22:09:19,447  330682000047404 : OrderedDict([('name', '绍兴市上虞保明冷却设备有限公司'), ('regno', '330682000047404'), ('nocorpid', '3306823000000263'), ('corpid', '87AEE3C0C4EF44BF5F1A4D6C562675E7B08685D23A98ADDAD07DF06B5581D85C'), ('entUnscId', '91330604712580162P')])
INFO: 2017-06-22 22:09:28,993  330682000047412 : OrderedDict([('name', '浙江佑谦特种材料有限公司'), ('regno', '330682000047412'), ('nocorpid', '3306820000069914'), ('corpid', '9409F42D8A5A62F22974CD53554B8ADEB08685D23A98ADDAD07DF06B5581D85C'), ('entUnscId', '913306047315075937')])
INFO: 2017-06-22 22:09:56,631  330682000047437 : OrderedDict([('name', '绍兴市上虞旭日照明电器有限公司'), ('regno', '330682000047437'), ('nocorpid', '3306820000081070'), ('corpid', '49F5A8CA8A78B6EF8D158461A8AADCCAB08685D23A98ADDAD07DF06B5581D85C'), ('entUnscId', '91330604736854957X')])
INFO: 2017-06-22 22:10:06,499  330682000047445 : OrderedDict([('name', '上虞越利针织有限公司'), ('regno', '330682000047445'), ('nocorpid', '3306820000105506'), ('corpid', '0FCEEDB9D4E13473A6C93EC0C0D8CA05B08685D23A98ADDAD07DF06B5581D85C'), ('entUnscId', None)])
INFO: 2017-06-22 22:10:16,286  330682000047453 : OrderedDict([('name', '绍兴市上虞区世海塑料厂'), ('regno', '330682000047453'), ('nocorpid', '3306820000116878'), ('corpid', 'F799FFF21AB6F91D74477606A3FF4CF4B08685D23A98ADDAD07DF06B5581D85C'), ('entUnscId', '9133060468914533XW')])
INFO: 2017-06-22 22:10:25,788  330682000047461 : OrderedDict([('name', '绍兴市上虞永和方益轴承厂'), ('regno', '330682000047461'), ('nocorpid', '3306820000116879'), ('corpid', '1ED99E911E74ECA20D70CF94A4DA6BD1B08685D23A98ADDAD07DF06B5581D85C'), ('entUnscId', '9133060468995054XH')])
INFO: 2017-06-22 22:10:36,681  330682000047470 : OrderedDict([('name', '绍兴市上虞区崧厦镇明达伞厂'), ('regno', '330682000047470'), ('nocorpid', '3306820000095287'), ('corpid', '52FE508CCD1C3B60A49547ECEB37D8D2B08685D23A98ADDAD07DF06B5581D85C'), ('entUnscId', '91330604736885462H')])
INFO: 2017-06-22 22:10:56,904  330682000047488 : OrderedDict([('name', '上虞市友顺贸易有限公司'), ('regno', '330682000047488'), ('nocorpid', '3306820000116764'), ('corpid', '57275AF9713FECD3888EE928E8293E44B08685D23A98ADDAD07DF06B5581D85C'), ('entUnscId', None)])
INFO: 2017-06-22 22:11:06,394  330682000047496 : OrderedDict([('name', '上虞市东盛环保设备有限公司'), ('regno', '330682000047496'), ('nocorpid', '3306820000105155'), ('corpid', '0010EA1242D4CDF3B6A4DA55451E1FDCB08685D23A98ADDAD07DF06B5581D85C'), ('entUnscId', None)])
INFO: 2017-06-22 22:11:19,627  330682000047507 : OrderedDict([('name', '绍兴市上虞区建兴冲压制造有限公司'), ('regno', '330682000047507'), ('nocorpid', '3306820000084351'), ('corpid', 'BF4541B9D20F75F77579CDE7C08707E6B08685D23A98ADDAD07DF06B5581D85C'), ('entUnscId', '913306047498328105')])
INFO: 2017-06-22 22:11:29,407  330682000047515 : OrderedDict([('name', '绍兴市上虞中信塑料厂'), ('regno', '330682000047515'), ('nocorpid', '3306820000055964'), ('corpid', '19F9DA505DDE35E1C33B51850CBE1A3CB08685D23A98ADDAD07DF06B5581D85C'), ('entUnscId', '91330604721006840K')])
INFO: 2017-06-22 22:11:39,213  330682000047523 : OrderedDict([('name', '上虞市崧厦百鸟水产经营部'), ('regno', '330682000047523'), ('nocorpid', '3306820000091458'), ('corpid', 'C0C860A3BD82147C5DD2B65390E07327B08685D23A98ADDAD07DF06B5581D85C'), ('entUnscId', None)])
INFO: 2017-06-22 22:11:49,673  330682000047531 : OrderedDict([('name', '绍兴多哈茶叶有限公司'), ('regno', '330682000047531'), ('nocorpid', '3306820000080829'), ('corpid', '9DB3A25189AEDA199D2F64EA5F8346D8B08685D23A98ADDAD07DF06B5581D85C'), ('entUnscId', '913306047360112984')])
INFO: 2017-06-22 22:12:00,467  330682000047540 : OrderedDict([('name', '绍兴市上虞丁豪一派服饰有限公司'), ('regno', '330682000047540'), ('nocorpid', '3306820000116860'), ('corpid', '8130B96ED660CE3B3CE56BC228341131B08685D23A98ADDAD07DF06B5581D85C'), ('entUnscId', '91330604689143975A')])
INFO: 2017-06-22 22:12:21,242  330682000047558 : OrderedDict([('name', '上虞市农业生产资料有限责任公司韩浜农资供应站'), ('regno', '330682000047558'), ('nocorpid', '3306820000116920'), ('corpid', 'C1E730FC694F241112F98BF121A7CC4FB08685D23A98ADDAD07DF06B5581D85C'), ('entUnscId', None)])
INFO: 2017-06-22 22:12:30,985  330682000047566 : OrderedDict([('name', '绍兴上虞华新置业有限公司'), ('regno', '330682000047566'), ('nocorpid', '3306820000101213'), ('corpid', '8A154B517FCBFB9D0A259C90DE42FD8BB08685D23A98ADDAD07DF06B5581D85C'), ('entUnscId', '9133060478969458X5')])
INFO: 2017-06-22 22:12:40,512  330682000047574 : OrderedDict([('name', '上虞市新林铜材厂'), ('regno', '330682000047574'), ('nocorpid', '3306820000087635'), ('corpid', '7B17534CC36527EE4C6AD735932571E3B08685D23A98ADDAD07DF06B5581D85C'), ('entUnscId', None)])
INFO: 2017-06-22 22:12:50,080  330682000047582 : OrderedDict([('name', '绍兴上虞永杰机电设备厂'), ('regno', '330682000047582'), ('nocorpid', '3306820000087644'), ('corpid', 'DFE5A54F694384726AC1342AAAC67140B08685D23A98ADDAD07DF06B5581D85C'), ('entUnscId', '913306047580904256')])
INFO: 2017-06-22 22:13:09,261  330682000047599 : OrderedDict([('name', '绍兴市上虞精德机械有限公司'), ('regno', '330682000047599'), ('nocorpid', '3306820000088729'), ('corpid', '092DE204F6437D8C0F6877E7B60369F5B08685D23A98ADDAD07DF06B5581D85C'), ('entUnscId', '91330604760152154P')])
INFO: 2017-06-22 22:13:14,536  330682000047603 : OrderedDict([('name', '绍兴市上虞区浦发金属材料厂'), ('regno', '330682000047603'), ('nocorpid', '3306824000001388'), ('corpid', '491B1DABB14F0FF67CBC861548E084DEB08685D23A98ADDAD07DF06B5581D85C'), ('entUnscId', '91330604609676553L')])
INFO: 2017-06-22 22:13:24,782  330682000047611 : OrderedDict([('name', '浙江科诚暖通设备有限公司'), ('regno', '330682000047611'), ('nocorpid', '3306820000116864'), ('corpid', '0B94386BA8EF4B2B5EB5CAFA9B849300B08685D23A98ADDAD07DF06B5581D85C'), ('entUnscId', '91330604689145778N')])
INFO: 2017-06-22 22:13:35,775  330682000047620 : OrderedDict([('name', '上虞市舜联服饰有限公司'), ('regno', '330682000047620'), ('nocorpid', '3306820000116941'), ('corpid', '1729B43FC7AA5B06FB9428B38BC3B30EB08685D23A98ADDAD07DF06B5581D85C'), ('entUnscId', None)])
INFO: 2017-06-22 22:13:56,161  330682000047638 : OrderedDict([('name', '上虞市凯达制衣厂'), ('regno', '330682000047638'), ('nocorpid', '3306820000088187'), ('corpid', '4561DC9854C56EAF593F4BD4061D7119B08685D23A98ADDAD07DF06B5581D85C'), ('entUnscId', None)])
INFO: 2017-06-22 22:14:05,839  330682000047646 : OrderedDict([('name', '绍兴市上虞宏兴金属拉丝厂'), ('regno', '330682000047646'), ('nocorpid', '3306820000094615'), ('corpid', '5CAFCA6A8AFC037C7339AA0679E9FAC2B08685D23A98ADDAD07DF06B5581D85C'), ('entUnscId', '9133060477437353XG')])
INFO: 2017-06-22 22:14:15,330  330682000047654 : OrderedDict([('name', '绍兴上虞曹娥街道建设开发有限公司'), ('regno', '330682000047654'), ('nocorpid', '3306820000116938'), ('corpid', '940528198C53B3A0B289D50219F91EC6B08685D23A98ADDAD07DF06B5581D85C'), ('entUnscId', '91330604689950427M')])
INFO: 2017-06-22 22:14:24,866  330682000047662 : OrderedDict([('name', '绍兴上虞正达管业有限公司'), ('regno', '330682000047662'), ('nocorpid', '3306820000103380'), ('corpid', '7A02F5DCBC531C457E2EE76F203A107FB08685D23A98ADDAD07DF06B5581D85C'), ('entUnscId', '91330604795596820B')])
INFO: 2017-06-22 22:14:44,028  330682000047679 : OrderedDict([('name', '绍兴市上虞金木笨丫贸易有限公司'), ('regno', '330682000047679'), ('nocorpid', '3306820000116979'), ('corpid', '47999A7E3D192C001602A799FE89AD2BB08685D23A98ADDAD07DF06B5581D85C'), ('entUnscId', '9133060468995468X8')])
INFO: 2017-06-22 22:15:02,222  330682000047695 : OrderedDict([('name', '浙江中工塑胶有限公司'), ('regno', '330682000047695'), ('nocorpid', '3306823000000596'), ('corpid', '4621859FAFD9873D5C10F7704F5CE5D1B08685D23A98ADDAD07DF06B5581D85C'), ('entUnscId', '91330604146180390G')])
INFO: 2017-06-22 22:15:09,060  330682000047700 : OrderedDict([('name', '上虞市丰惠惠南照相器材厂'), ('regno', '330682000047700'), ('nocorpid', '3306824000001952'), ('corpid', '22E352109568F1436309D609F2413B33B08685D23A98ADDAD07DF06B5581D85C'), ('entUnscId', None)])
INFO: 2017-06-22 22:15:29,046  330682000047718 : OrderedDict([('name', '上虞市金龙尖生态农业实验场'), ('regno', '330682000047718'), ('nocorpid', '3306820000080191'), ('corpid', 'FA7C28AEDD95A065ED72705BA718FE40B08685D23A98ADDAD07DF06B5581D85C'), ('entUnscId', None)])
INFO: 2017-06-22 22:15:38,939  330682000047726 : OrderedDict([('name', '上虞艾德广告传媒有限公司'), ('regno', '330682000047726'), ('nocorpid', '3306820000116919'), ('corpid', '6E5935EC1FD16EAFFF5D6B52682D7DD2B08685D23A98ADDAD07DF06B5581D85C'), ('entUnscId', None)])
INFO: 2017-06-22 22:15:48,585  330682000047734 : OrderedDict([('name', '绍兴市上虞区天丰物业管理有限公司'), ('regno', '330682000047734'), ('nocorpid', '3306820000116870'), ('corpid', 'BD1B3E177DBF00A6382F767E748338D8B08685D23A98ADDAD07DF06B5581D85C'), ('entUnscId', '913306046899505747')])
INFO: 2017-06-22 22:15:57,993  330682000047742 : OrderedDict([('name', '上虞市农业生产资料有限责任公司海滨农资供应店'), ('regno', '330682000047742'), ('nocorpid', '3306820000117012'), ('corpid', 'F026B3BB571099DC1D7C134009E071CFB08685D23A98ADDAD07DF06B5581D85C'), ('entUnscId', None)])
INFO: 2017-06-22 22:16:16,906  330682000047759 : OrderedDict([('name', '上虞市农业生产资料有限责任公司海涂安定闸农资供应店'), ('regno', '330682000047759'), ('nocorpid', '3306820000117014'), ('corpid', 'B195ACFE1F206C88C3B2C677ABD4DE4CB08685D23A98ADDAD07DF06B5581D85C'), ('entUnscId', None)])
INFO: 2017-06-22 22:16:26,357  330682000047767 : OrderedDict([('name', '绍兴市上虞长丰缝纫设备有限公司汤浦分公司'), ('regno', '330682000047767'), ('nocorpid', '3306820000116981'), ('corpid', 'D399BE51B6C59EC1CF9EF0818CFD70E5B08685D23A98ADDAD07DF06B5581D85C'), ('entUnscId', '91330604MA288L3B8L')])
INFO: 2017-06-22 22:16:36,321  330682000047775 : OrderedDict([('name', '上虞市洪山畈农业开发有限责任公司'), ('regno', '330682000047775'), ('nocorpid', '3306820000116930'), ('corpid', '9616EC61F3AC0DD538B2C64829D7F982B08685D23A98ADDAD07DF06B5581D85C'), ('entUnscId', None)])
INFO: 2017-06-22 22:16:45,745  330682000047783 : OrderedDict([('name', '浙江湖州富士美电梯有限公司上虞销售服务部'), ('regno', '330682000047783'), ('nocorpid', '3306820000116988'), ('corpid', '1FD31C3CE098C3E825049367409AE3E3B08685D23A98ADDAD07DF06B5581D85C'), ('entUnscId', None)])
INFO: 2017-06-22 22:16:55,181  330682000047791 : OrderedDict([('name', '上虞市农业生产资料有限责任公司海涂场部农资店'), ('regno', '330682000047791'), ('nocorpid', '3306820000116998'), ('corpid', '8C0BDC3CA3BBBD6BE94DC13DC5DAB535B08685D23A98ADDAD07DF06B5581D85C'), ('entUnscId', None)])
INFO: 2017-06-22 22:17:20,393  330682000047814 : OrderedDict([('name', '上虞市农业生产资料有限责任公司海涂中心河农资供应店'), ('regno', '330682000047814'), ('nocorpid', '3306820000116994'), ('corpid', '77104B30679CA230E089661CE9D51696B08685D23A98ADDAD07DF06B5581D85C'), ('entUnscId', None)])
INFO: 2017-06-22 22:17:30,108  330682000047822 : OrderedDict([('name', '绍兴市上虞华灵电器厂'), ('regno', '330682000047822'), ('nocorpid', '3306820000117021'), ('corpid', '4A58E1B69A72F187C9B9DB7577E9FB18B08685D23A98ADDAD07DF06B5581D85C'), ('entUnscId', '91330604695263746A')])
INFO: 2017-06-22 22:17:49,110  330682000047839 : OrderedDict([('name', '绍兴市上虞丁宅鹏军废纸回收站'), ('regno', '330682000047839'), ('nocorpid', '3306820000083383'), ('corpid', 'DF4E4D396A994F9833C8E0ADAD241187B08685D23A98ADDAD07DF06B5581D85C'), ('entUnscId', '913306047450572472')])
INFO: 2017-06-22 22:18:07,022  330682000047855 : OrderedDict([('name', '上虞弘扬环保设备有限公司'), ('regno', '330682000047855'), ('nocorpid', '3306820000099991'), ('corpid', '721C5944A1D89372EFBABED7757C9446B08685D23A98ADDAD07DF06B5581D85C'), ('entUnscId', None)])
INFO: 2017-06-22 22:18:16,620  330682000047863 : OrderedDict([('name', '绍兴市上虞天皓贸易有限公司'), ('regno', '330682000047863'), ('nocorpid', '3306820000117023'), ('corpid', '52ADD27874B65C9010E9CFDC89BC4E8CB08685D23A98ADDAD07DF06B5581D85C'), ('entUnscId', '91330604689950312F')])
INFO: 2017-06-22 22:18:26,038  330682000047871 : OrderedDict([('name', '中国石油化工股份有限公司上虞杭甬便利店'), ('regno', '330682000047871'), ('nocorpid', '3306820000116911'), ('corpid', '61D74691B13A93E8985C336C7EF49DD5B08685D23A98ADDAD07DF06B5581D85C'), ('entUnscId', '91330604691252257A')])
INFO: 2017-06-22 22:18:36,573  330682000047880 : OrderedDict([('name', '绍兴市洪山湖机械制造有限公司'), ('regno', '330682000047880'), ('nocorpid', '3306820000117027'), ('corpid', 'DCB9D722494B2A31D6BDAC883F0314CDB08685D23A98ADDAD07DF06B5581D85C'), ('entUnscId', None)])
INFO: 2017-06-22 22:18:56,572  330682000047898 : OrderedDict([('name', '绍兴上虞宏宇化工有限公司'), ('regno', '330682000047898'), ('nocorpid', '3306820000103514'), ('corpid', 'E401DCA3A9C12D4941A7BD145A3A0182B08685D23A98ADDAD07DF06B5581D85C'), ('entUnscId', '91330604796466569N')])
INFO: 2017-06-22 22:19:01,847  330682000047902 : OrderedDict([('name', '绍兴市上虞瑞威建筑材料有限公司'), ('regno', '330682000047902'), ('nocorpid', '3306820000116922'), ('corpid', 'BA747F3E100AAC1BB462AF7F4E1D94E8B08685D23A98ADDAD07DF06B5581D85C'), ('entUnscId', '91330604689954567C')])
INFO: 2017-06-22 22:19:20,729  330682000047919 : OrderedDict([('name', '上虞市林锋机电设备有限公司'), ('regno', '330682000047919'), ('nocorpid', '3306820000117030'), ('corpid', '388D2DB4C31723DECECC1F15B4DCCD29B08685D23A98ADDAD07DF06B5581D85C'), ('entUnscId', None)])
INFO: 2017-06-22 22:19:30,193  330682000047927 : OrderedDict([('name', '绍兴上虞金宏金属工具有限公司'), ('regno', '330682000047927'), ('nocorpid', '3306820000116983'), ('corpid', '51DFD5983454C408E748FAD2EA41F032B08685D23A98ADDAD07DF06B5581D85C'), ('entUnscId', '913306046899551809')])
INFO: 2017-06-22 22:19:39,701  330682000047935 : OrderedDict([('name', '上虞市矿山运输机械配件厂'), ('regno', '330682000047935'), ('nocorpid', '3306824000002343'), ('corpid', 'A123C67915B2C6356FDEE1E5876AC425B08685D23A98ADDAD07DF06B5581D85C'), ('entUnscId', None)])
INFO: 2017-06-22 22:19:49,195  330682000047943 : OrderedDict([('name', '绍兴市上虞昶正实业有限公司'), ('regno', '330682000047943'), ('nocorpid', '3306820000117033'), ('corpid', '887A35F4AF87DC147CF725232F73CE59B08685D23A98ADDAD07DF06B5581D85C'), ('entUnscId', '91330604689148741K')])
INFO: 2017-06-22 22:19:58,657  330682000047951 : OrderedDict([('name', '绍兴市上虞区正大密封件厂'), ('regno', '330682000047951'), ('nocorpid', '3306820000080794'), ('corpid', '8862AEF573E1A242C213722A515A6B08B08685D23A98ADDAD07DF06B5581D85C'), ('entUnscId', '913306047352551007')])
INFO: 2017-06-22 22:20:09,196  330682000047960 : OrderedDict([('name', '绍兴上虞宇风制冷设备有限公司'), ('regno', '330682000047960'), ('nocorpid', '3306820000091715'), ('corpid', '2F6FB78CC9D1122214828458D8EE5AC7B08685D23A98ADDAD07DF06B5581D85C'), ('entUnscId', '91330604766430856L')])
INFO: 2017-06-22 22:20:29,230  330682000047978 : OrderedDict([('name', '绍兴上虞汤浦铜管模具厂'), ('regno', '330682000047978'), ('nocorpid', '3306824000002220'), ('corpid', '12EA5FD1160E43D63063BA9EF1CDE3B2B08685D23A98ADDAD07DF06B5581D85C'), ('entUnscId', '91330604146164032W')])
INFO: 2017-06-22 22:20:47,300  330682000047994 : OrderedDict([('name', '绍兴市上虞鹏盛电器有限公司'), ('regno', '330682000047994'), ('nocorpid', '3306820000088532'), ('corpid', '026E817B517B3B07CB96666B9634D567B08685D23A98ADDAD07DF06B5581D85C'), ('entUnscId', '91330604759080050H')])
INFO: 2017-06-22 22:20:55,717  330682000048001 : OrderedDict([('name', '绍兴市上虞汤浦五金铜材加工厂'), ('regno', '330682000048001'), ('nocorpid', '3306824000001890'), ('corpid', '51D052B1A900FE4327625735F1B10B93B08685D23A98ADDAD07DF06B5581D85C'), ('entUnscId', '91330604146164331T')])
INFO: 2017-06-22 22:21:06,244  330682000048010 : OrderedDict([('name', '绍兴市上虞朱雀毛纺织有限公司'), ('regno', '330682000048010'), ('nocorpid', '3306820000117050'), ('corpid', 'C9B243B4A754B7ECAD1F2226BEF025CFB08685D23A98ADDAD07DF06B5581D85C'), ('entUnscId', '913306046899571277')])
INFO: 2017-06-22 22:21:26,205  330682000048028 : OrderedDict([('name', '浙江亿森木业有限公司曹娥分公司'), ('regno', '330682000048028'), ('nocorpid', '3306820000117017'), ('corpid', 'E790C57939374F0004C482BD241FAFB7B08685D23A98ADDAD07DF06B5581D85C'), ('entUnscId', None)])
INFO: 2017-06-22 22:21:35,703  330682000048036 : OrderedDict([('name', '绍兴市上虞小越五金铸造厂'), ('regno', '330682000048036'), ('nocorpid', '3306820000050228'), ('corpid', 'DFE4B0A3C32E364D2B5762BA5D1325F7B08685D23A98ADDAD07DF06B5581D85C'), ('entUnscId', '91330604712580234G')])
INFO: 2017-06-22 22:21:45,122  330682000048044 : OrderedDict([('name', '绍兴舜虞湖天然饮用水有限公司'), ('regno', '330682000048044'), ('nocorpid', '3306820000081078'), ('corpid', 'AB3D46BDB2692F1BC11658F8EFF61E20B08685D23A98ADDAD07DF06B5581D85C'), ('entUnscId', None)])
INFO: 2017-06-22 22:21:54,593  330682000048052 : OrderedDict([('name', '绍兴上虞作明联运有限责任公司'), ('regno', '330682000048052'), ('nocorpid', '3306821000000376'), ('corpid', 'DFD6B257F02AF06785633C6687C04B39B08685D23A98ADDAD07DF06B5581D85C'), ('entUnscId', '91330604146110456E')])
INFO: 2017-06-22 22:22:13,584  330682000048069 : OrderedDict([('name', '上虞市盛迈汽配有限公司'), ('regno', '330682000048069'), ('nocorpid', '3306820000117063'), ('corpid', '36713EB222E80719BC5E496963D22633B08685D23A98ADDAD07DF06B5581D85C'), ('entUnscId', '91330604689954700U')])
INFO: 2017-06-22 22:22:23,073  330682000048077 : OrderedDict([('name', '上虞市顺良再生有限公司'), ('regno', '330682000048077'), ('nocorpid', '3306820000086561'), ('corpid', '1E9F4E7D41B20F9D333D7AF44CD0C2D0B08685D23A98ADDAD07DF06B5581D85C'), ('entUnscId', None)])
INFO: 2017-06-22 22:22:32,530  330682000048085 : OrderedDict([('name', '绍兴市上虞东方水暖器材有限责任公司'), ('regno', '330682000048085'), ('nocorpid', '3306823000000522'), ('corpid', '37A57DE25F9152D4BADB2E5F040FE83AB08685D23A98ADDAD07DF06B5581D85C'), ('entUnscId', '91330604146135303X')])
INFO: 2017-06-22 22:22:41,959  330682000048093 : OrderedDict([('name', '浙江易川体育用品连锁有限公司上虞分公司'), ('regno', '330682000048093'), ('nocorpid', '3306820000114957'), ('corpid', '002960467BCFA7DE50B4FBC78FA671A7B08685D23A98ADDAD07DF06B5581D85C'), ('entUnscId', None)])
INFO: 2017-06-22 22:22:58,818  330682000048108 : OrderedDict([('name', '绍兴市上虞好格贸易有限公司'), ('regno', '330682000048108'), ('nocorpid', '3306820000094118'), ('corpid', '195C45753E0B957E804AC4CF70661692B08685D23A98ADDAD07DF06B5581D85C'), ('entUnscId', '91330604773118385A')])
INFO: 2017-06-22 22:23:08,278  330682000048116 : OrderedDict([('name', '绍兴市杨宏电器有限公司'), ('regno', '330682000048116'), ('nocorpid', '3306820000083935'), ('corpid', 'AF1200904E32AA5326B30C221AA54863B08685D23A98ADDAD07DF06B5581D85C'), ('entUnscId', '91330604747031809P')])
INFO: 2017-06-22 22:23:17,796  330682000048124 : OrderedDict([('name', '绍兴市浩方机电有限公司'), ('regno', '330682000048124'), ('nocorpid', '3306820000093834'), ('corpid', '914F703DBCF71DC98FFF988F005977E6B08685D23A98ADDAD07DF06B5581D85C'), ('entUnscId', '91330604771941845F')])
INFO: 2017-06-22 22:23:27,280  330682000048132 : OrderedDict([('name', '绍兴市上虞区康佳铜铝制管厂'), ('regno', '330682000048132'), ('nocorpid', '3306820000085224'), ('corpid', 'BCF05047FD5D10ECC6F1CE9508C62F74B08685D23A98ADDAD07DF06B5581D85C'), ('entUnscId', '9133060475303298X4')])
INFO: 2017-06-22 22:23:46,247  330682000048149 : OrderedDict([('name', '绍兴上虞忠亚化工有限公司'), ('regno', '330682000048149'), ('nocorpid', '3306820000117077'), ('corpid', '2CE531FBFD0249EC4CEED5E03AE047B0B08685D23A98ADDAD07DF06B5581D85C'), ('entUnscId', '91330604689955228H')])
INFO: 2017-06-22 22:23:55,763  330682000048157 : OrderedDict([('name', '上虞市罗岩山牧业有限公司'), ('regno', '330682000048157'), ('nocorpid', '3306820000117090'), ('corpid', '56FCB542341A1BAA1E3D7449759E304AB08685D23A98ADDAD07DF06B5581D85C'), ('entUnscId', None)])
INFO: 2017-06-22 22:24:05,196  330682000048165 : OrderedDict([('name', '上虞圣竹服饰销售有限公司'), ('regno', '330682000048165'), ('nocorpid', '3306820000117022'), ('corpid', '5EC5FCD83C3FB677C88821A576335BE8B08685D23A98ADDAD07DF06B5581D85C'), ('entUnscId', None)])
INFO: 2017-06-22 22:24:14,656  330682000048173 : OrderedDict([('name', '浙江省上虞汽车运输有限公司'), ('regno', '330682000048173'), ('nocorpid', '3306821000000441'), ('corpid', 'FE51925C9DF053EFD905B5FAF058D8BCB08685D23A98ADDAD07DF06B5581D85C'), ('entUnscId', '913306041461103418')])
INFO: 2017-06-22 22:24:24,154  330682000048181 : OrderedDict([('name', '绍兴上虞永兴计算机网络工程有限公司'), ('regno', '330682000048181'), ('nocorpid', '3306820000117040'), ('corpid', '5E3CF79B34BAFEFB09772454A7045A24B08685D23A98ADDAD07DF06B5581D85C'), ('entUnscId', '91330604689955156Q')])
INFO: 2017-06-22 22:24:34,685  330682000048190 : OrderedDict([('name', '绍兴市上虞小屠房产信息有限公司'), ('regno', '330682000048190'), ('nocorpid', '3306820000085580'), ('corpid', '948C04E654BCE722E4C3337E1BD007ECB08685D23A98ADDAD07DF06B5581D85C'), ('entUnscId', '913306047539691231')])
INFO: 2017-06-22 22:24:50,423  330682000048204 : OrderedDict([('name', '上虞市佳舜机械模具厂'), ('regno', '330682000048204'), ('nocorpid', '3306820000117103'), ('corpid', '4C5F6C3E476B735526CA71C54BF2E1EDB08685D23A98ADDAD07DF06B5581D85C'), ('entUnscId', None)])
INFO: 2017-06-22 22:24:59,901  330682000048212 : OrderedDict([('name', '绍兴市佳达汽配有限公司'), ('regno', '330682000048212'), ('nocorpid', '3306820000089448'), ('corpid', '8326667F0A4CA08A9BB545138AE297ECB08685D23A98ADDAD07DF06B5581D85C'), ('entUnscId', '913306047613152503')])
INFO: 2017-06-22 22:25:19,034  330682000048229 : OrderedDict([('name', '上虞市华达建筑设计装璜有限公司'), ('regno', '330682000048229'), ('nocorpid', '3306820000083816'), ('corpid', '50FFADD5FDE87942EF30EDC9DBBBD963B08685D23A98ADDAD07DF06B5581D85C'), ('entUnscId', None)])
INFO: 2017-06-22 22:25:28,595  330682000048237 : OrderedDict([('name', '绍兴市上虞弘哲投资发展有限公司'), ('regno', '330682000048237'), ('nocorpid', '3306820000117111'), ('corpid', 'E554A2DF5F4A1BD3DF9CDCAA31198CEDB08685D23A98ADDAD07DF06B5581D85C'), ('entUnscId', '91330604689954735E')])
INFO: 2017-06-22 22:25:38,104  330682000048245 : OrderedDict([('name', '绍兴晨星平顺机电有限公司'), ('regno', '330682000048245'), ('nocorpid', '3306820000117109'), ('corpid', '1C95F0021400C72BB57AA6D260538922B08685D23A98ADDAD07DF06B5581D85C'), ('entUnscId', '913306046899562200')])
INFO: 2017-06-22 22:25:47,554  330682000048253 : OrderedDict([('name', '绍兴上虞远东货运代理有限公司'), ('regno', '330682000048253'), ('nocorpid', '3306820000081020'), ('corpid', '29C1A89634D24968C27781C76F10A733B08685D23A98ADDAD07DF06B5581D85C'), ('entUnscId', '91330604736044647F')])
INFO: 2017-06-22 22:25:57,044  330682000048261 : OrderedDict([('name', '绍兴市上虞商业综合公司'), ('regno', '330682000048261'), ('nocorpid', '3306821000000768'), ('corpid', '17763D7EF39C8534D348D49389C7FF9EB08685D23A98ADDAD07DF06B5581D85C'), ('entUnscId', '913306041461115558')])
INFO: 2017-06-22 22:26:07,615  330682000048270 : OrderedDict([('name', '上虞市信鼎塑料管件厂'), ('regno', '330682000048270'), ('nocorpid', '3306820000117118'), ('corpid', '1461E65C06FD3C34BA63ED64217C5414B08685D23A98ADDAD07DF06B5581D85C'), ('entUnscId', None)])
INFO: 2017-06-22 22:26:36,305  330682000048296 : OrderedDict([('name', '浙江君晖实业有限公司'), ('regno', '330682000048296'), ('nocorpid', '3306820000117113'), ('corpid', '3952C360FEE5F3C64CEE18047910EED6B08685D23A98ADDAD07DF06B5581D85C'), ('entUnscId', '91330604689956095B')])
INFO: 2017-06-22 22:26:48,992  330682000048307 : OrderedDict([('name', '绍兴上虞经济开发区万灵塑料厂'), ('regno', '330682000048307'), ('nocorpid', '3306820000087628'), ('corpid', '4AAB13A875F90D4640A42102E256DA2BB08685D23A98ADDAD07DF06B5581D85C'), ('entUnscId', '91330604758098750L')])
INFO: 2017-06-22 22:26:58,516  330682000048315 : OrderedDict([('name', '绍兴市恒隆化工有限公司'), ('regno', '330682000048315'), ('nocorpid', '3306820000085512'), ('corpid', '58A03E8BBA5DDD6C0B4686579C434A9FB08685D23A98ADDAD07DF06B5581D85C'), ('entUnscId', '91330604753958344J')])
INFO: 2017-06-22 22:27:08,030  330682000048323 : OrderedDict([('name', '上虞市百官街道伟美塑粒五金厂'), ('regno', '330682000048323'), ('nocorpid', '3306820000117130'), ('corpid', 'F92E0F05240210942FE52EAADB13ABA8B08685D23A98ADDAD07DF06B5581D85C'), ('entUnscId', None)])
INFO: 2017-06-22 22:27:17,507  330682000048331 : OrderedDict([('name', '绍兴市上虞顺发照明电器有限公司'), ('regno', '330682000048331'), ('nocorpid', '3306820000070116'), ('corpid', '0A460DD271A884C4F910AEB68670DE66B08685D23A98ADDAD07DF06B5581D85C'), ('entUnscId', '91330604632722263E')])
INFO: 2017-06-22 22:27:28,064  330682000048340 : OrderedDict([('name', '绍兴市佳兴伞业有限公司'), ('regno', '330682000048340'), ('nocorpid', '3306820000093109'), ('corpid', '1CBA9E6F0BCC836DD6B6274B24E68BEAB08685D23A98ADDAD07DF06B5581D85C'), ('entUnscId', '913306047707291218')])
INFO: 2017-06-22 22:27:48,199  330682000048358 : OrderedDict([('name', '绍兴圣万特热流道有限公司'), ('regno', '330682000048358'), ('nocorpid', '3306820000117131'), ('corpid', '17505609D6F2FBD4F53535EB54947B42B08685D23A98ADDAD07DF06B5581D85C'), ('entUnscId', '91330604689961185K')])
INFO: 2017-06-22 22:27:57,802  330682000048366 : OrderedDict([('name', '绍兴市上虞区亿特塑业有限公司'), ('regno', '330682000048366'), ('nocorpid', '3306820000117134'), ('corpid', '7D1CC8E9F44E099E3D43B7D4227AED0EB08685D23A98ADDAD07DF06B5581D85C'), ('entUnscId', '913306046899613370')])
INFO: 2017-06-22 22:28:07,330  330682000048374 : OrderedDict([('name', '绍兴市海大伞业有限公司'), ('regno', '330682000048374'), ('nocorpid', '3306820000117135'), ('corpid', 'AFB9D0D837C12AFA7795A33DA65AAA20B08685D23A98ADDAD07DF06B5581D85C'), ('entUnscId', '913306046899613108')])
