INFO: 2017-06-23 17:03:51,835  330682000053505 : OrderedDict([('corpid', '7BB7E0BC8DF21F1BEF61E65008BC1A66B08685D23A98ADDAD07DF06B5581D85C'), ('name', '上虞易诚快递服务有限公司'), ('regno', '330682000053505'), ('nocorpid', '3306820000105259'), ('entUnscId', None)])
INFO: 2017-06-23 17:04:01,531  330682000053513 : OrderedDict([('name', '绍兴市上虞羽帆贸易有限公司'), ('regno', '330682000053513'), ('nocorpid', '3306820000118351'), ('entUnscId', '91330604693613343H'), ('corpid', '666C604EA066FAC0F0B63076FEFA51A3B08685D23A98ADDAD07DF06B5581D85C')])
INFO: 2017-06-23 17:04:11,613  330682000053521 : OrderedDict([('name', '上虞市崧厦镇连城网吧'), ('regno', '330682000053521'), ('nocorpid', '3306820000101866'), ('entUnscId', None), ('corpid', 'AE41F38068AD07A63661B00835722460B08685D23A98ADDAD07DF06B5581D85C')])
INFO: 2017-06-23 17:04:22,457  330682000053530 : OrderedDict([('name', '绍兴市振舜贸易有限公司'), ('regno', '330682000053530'), ('nocorpid', '3306820000118375'), ('corpid', 'A727F63C4B4AF6913F2718E9CE46A3A9B08685D23A98ADDAD07DF06B5581D85C'), ('entUnscId', '91330604693613394R')])
INFO: 2017-06-23 17:04:43,205  330682000053548 : OrderedDict([('name', '绍兴上虞天秀建筑装饰设计有限公司'), ('regno', '330682000053548'), ('nocorpid', '3306820000069254'), ('corpid', '02692E708877725E92ABE2EF1417C5A0B08685D23A98ADDAD07DF06B5581D85C'), ('entUnscId', '91330604730296181R')])
INFO: 2017-06-23 17:04:52,608  330682000053556 : OrderedDict([('name', '上虞市金诚数码手机世界有限公司'), ('regno', '330682000053556'), ('nocorpid', '3306820000118377'), ('corpid', '444C84536AD765E2708F9F579B032CF9B08685D23A98ADDAD07DF06B5581D85C'), ('entUnscId', None)])
INFO: 2017-06-23 17:05:02,264  330682000053564 : OrderedDict([('name', '永安财产保险股份有限公司上虞支公司'), ('regno', '330682000053564'), ('nocorpid', '3306820000095422'), ('corpid', 'B37C6485D0FEEA65D41EF73808A3F0B6B08685D23A98ADDAD07DF06B5581D85C'), ('entUnscId', '91330604778269887C')])
INFO: 2017-06-23 17:05:11,748  330682000053572 : OrderedDict([('name', '绍兴市上虞王牌空调设备工程有限公司'), ('regno', '330682000053572'), ('nocorpid', '3306820000082007'), ('corpid', 'D68D9B20A9D2A2DF0A34AAF3C07D5CAEB08685D23A98ADDAD07DF06B5581D85C'), ('entUnscId', '91330604738445014Y')])
INFO: 2017-06-23 17:05:30,677  330682000053589 : OrderedDict([('name', '上虞市均威拆迁有限公司'), ('regno', '330682000053589'), ('nocorpid', '3306820000118358'), ('corpid', 'A6804974A446AA92F94AF6FFC485256CB08685D23A98ADDAD07DF06B5581D85C'), ('entUnscId', None)])
INFO: 2017-06-23 17:05:40,421  330682000053597 : OrderedDict([('name', '上虞市矩阵计算机有限公司'), ('regno', '330682000053597'), ('nocorpid', '3306820000118376'), ('corpid', '860DD411936161A285F16F188C2FDCAEB08685D23A98ADDAD07DF06B5581D85C'), ('entUnscId', None)])
INFO: 2017-06-23 17:05:45,678  330682000053601 : OrderedDict([('name', '绍兴市任伟电子有限公司'), ('regno', '330682000053601'), ('nocorpid', '3306820000118274'), ('corpid', 'C895AE6FFED442692C4935195C49ADD7B08685D23A98ADDAD07DF06B5581D85C'), ('entUnscId', '91330604693620017U')])
INFO: 2017-06-23 17:05:56,733  330682000053610 : OrderedDict([('name', '绍兴康斯达医疗器械有限公司'), ('regno', '330682000053610'), ('nocorpid', '3306820000118380'), ('corpid', '409951A3AAD749C1DC0EB48600A42AC0B08685D23A98ADDAD07DF06B5581D85C'), ('entUnscId', '913306046936116711')])
INFO: 2017-06-23 17:06:17,083  330682000053628 : OrderedDict([('name', '浙江虞建风机有限公司'), ('regno', '330682000053628'), ('nocorpid', '3306820000118388'), ('corpid', '18A85F2C6915823220AC34760AA02B95B08685D23A98ADDAD07DF06B5581D85C'), ('entUnscId', '913306046936134235')])
INFO: 2017-06-23 17:06:26,623  330682000053636 : OrderedDict([('name', '绍兴上虞金雕化工贸易有限公司'), ('regno', '330682000053636'), ('nocorpid', '3306820000084239'), ('corpid', '251F18BB5DFA7FE3ED7752AA9D70BD3CB08685D23A98ADDAD07DF06B5581D85C'), ('entUnscId', '9133060474980625XN')])
INFO: 2017-06-23 17:06:36,041  330682000053644 : OrderedDict([('name', '上虞市奕鑫工贸有限公司'), ('regno', '330682000053644'), ('nocorpid', '3306820000118389'), ('corpid', '4F344EACC8D8BF47824D564C65491DBAB08685D23A98ADDAD07DF06B5581D85C'), ('entUnscId', None)])
INFO: 2017-06-23 17:06:45,461  330682000053652 : OrderedDict([('name', '上虞市前程伞业有限公司'), ('regno', '330682000053652'), ('nocorpid', '3306820000118399'), ('corpid', '0107BAFFF32AE9B4536722ED7E9667AFB08685D23A98ADDAD07DF06B5581D85C'), ('entUnscId', None)])
INFO: 2017-06-23 17:07:04,494  330682000053669 : OrderedDict([('name', '绍兴市上虞区百官利达塑料制品厂'), ('regno', '330682000053669'), ('nocorpid', '3306820000101807'), ('corpid', '7819DF33B69F43C49F07252A95DA150FB08685D23A98ADDAD07DF06B5581D85C'), ('entUnscId', '913306047920674480')])
INFO: 2017-06-23 17:07:14,027  330682000053677 : OrderedDict([('name', '绍兴市上虞区百官锦程贸易商行'), ('regno', '330682000053677'), ('nocorpid', '3306820000118415'), ('corpid', 'C97AF027A7473B762F65E6B9E175CFB8B08685D23A98ADDAD07DF06B5581D85C'), ('entUnscId', '913306046936201210')])
INFO: 2017-06-23 17:07:23,569  330682000053685 : OrderedDict([('name', '绍兴上虞大洋塑料制品有限公司'), ('regno', '330682000053685'), ('nocorpid', '3306820000050872'), ('corpid', '6D8F1FFBA822B501119608DB1E322241B08685D23A98ADDAD07DF06B5581D85C'), ('entUnscId', '913306047125807288')])
INFO: 2017-06-23 17:07:33,027  330682000053693 : OrderedDict([('name', '嵊州市速滕数码科技有限公司上虞分公司'), ('regno', '330682000053693'), ('nocorpid', '3306820000118352'), ('corpid', '85D983AEB12CD1D62F48E628A5746715B08685D23A98ADDAD07DF06B5581D85C'), ('entUnscId', None)])
INFO: 2017-06-23 17:07:49,822  330682000053708 : OrderedDict([('name', '绍兴科羽企业管理咨询有限公司'), ('regno', '330682000053708'), ('nocorpid', '3306820000118411'), ('corpid', '325B15CA1D1A14621F4CFAA298A93356B08685D23A98ADDAD07DF06B5581D85C'), ('entUnscId', None)])
INFO: 2017-06-23 17:07:59,266  330682000053716 : OrderedDict([('name', '上虞市海量模具厂'), ('regno', '330682000053716'), ('nocorpid', '3306820000118428'), ('corpid', '16B0D24FD907726B01CCE2A5676F843DB08685D23A98ADDAD07DF06B5581D85C'), ('entUnscId', None)])
INFO: 2017-06-23 17:08:17,168  330682000053732 : OrderedDict([('name', '绍兴市上虞晨科化工有限公司'), ('regno', '330682000053732'), ('nocorpid', '3306820000118426'), ('corpid', 'E75AC5E006982DC1E62F9EB8EBC1A303B08685D23A98ADDAD07DF06B5581D85C'), ('entUnscId', '913306046936175551')])
INFO: 2017-06-23 17:08:36,151  330682000053749 : OrderedDict([('name', '绍兴上虞知名陶瓷有限公司'), ('regno', '330682000053749'), ('nocorpid', '3306820000050771'), ('corpid', 'EBC334605396B49034ACC7D0DC26461EB08685D23A98ADDAD07DF06B5581D85C'), ('entUnscId', '91330604712580621W')])
INFO: 2017-06-23 17:09:02,557  330682000053773 : OrderedDict([('name', '上虞普华电器有限公司'), ('regno', '330682000053773'), ('nocorpid', '3306820000118393'), ('corpid', '15EF08B23D73AB115457FCED66FC592BB08685D23A98ADDAD07DF06B5581D85C'), ('entUnscId', None)])
INFO: 2017-06-23 17:09:21,565  330682000053790 : OrderedDict([('name', '绍兴市上虞区百官城北一号网络会所'), ('regno', '330682000053790'), ('nocorpid', '3306820000101782'), ('corpid', 'E9E57F2BD07D333EC399716702FE2977B08685D23A98ADDAD07DF06B5581D85C'), ('entUnscId', '91330604092344424L')])
INFO: 2017-06-23 17:09:37,414  330682000053804 : OrderedDict([('name', '绍兴上虞新煌冷冻制品加工厂（普通合伙）'), ('regno', '330682000053804'), ('nocorpid', '3306820000118442'), ('corpid', 'EF593CE07301BDB1AC303F3FFE1B3E33B08685D23A98ADDAD07DF06B5581D85C'), ('entUnscId', '91330604693620076Y')])
INFO: 2017-06-23 17:09:46,846  330682000053812 : OrderedDict([('name', '上虞市远洋国际货运代理有限公司'), ('regno', '330682000053812'), ('nocorpid', '3306820000118444'), ('corpid', '278C552FA59A3602543DFF35AB9309B0B08685D23A98ADDAD07DF06B5581D85C'), ('entUnscId', None)])
INFO: 2017-06-23 17:10:05,821  330682000053829 : OrderedDict([('name', '浙江三维建设实业有限公司'), ('regno', '330682000053829'), ('nocorpid', '3306820000067433'), ('corpid', '54CF54B21F5245F88464995CC3464040B08685D23A98ADDAD07DF06B5581D85C'), ('entUnscId', '9133060414612791X8')])
INFO: 2017-06-23 17:10:15,260  330682000053837 : OrderedDict([('name', '上虞新起点建设项目管理有限公司'), ('regno', '330682000053837'), ('nocorpid', '3306820000118452'), ('corpid', 'BB6A0E2297C8ED0BC182960B0BFFEDC8B08685D23A98ADDAD07DF06B5581D85C'), ('entUnscId', None)])
INFO: 2017-06-23 17:10:24,724  330682000053845 : OrderedDict([('name', '绍兴市东达汽车销售服务有限公司'), ('regno', '330682000053845'), ('nocorpid', '3306820000118455'), ('corpid', 'F7B8A428344B399238A52A7A5A5293ECB08685D23A98ADDAD07DF06B5581D85C'), ('entUnscId', '913306046936201990')])
INFO: 2017-06-23 17:10:34,210  330682000053853 : OrderedDict([('name', '绍兴上虞宏道化工有限责任公司'), ('regno', '330682000053853'), ('nocorpid', '3306820000118451'), ('corpid', '4AD04309733312F47B2ED2EFA43406E0B08685D23A98ADDAD07DF06B5581D85C'), ('entUnscId', '9133060469362072XQ')])
INFO: 2017-06-23 17:10:43,640  330682000053861 : OrderedDict([('name', '上虞市虞恒贸易有限公司'), ('regno', '330682000053861'), ('nocorpid', '3306820000118454'), ('corpid', '1ACE94CFF5F703EB8B056A57A65AA03CB08685D23A98ADDAD07DF06B5581D85C'), ('entUnscId', None)])
INFO: 2017-06-23 17:10:54,193  330682000053870 : OrderedDict([('name', '绍兴海盛航运有限公司'), ('regno', '330682000053870'), ('nocorpid', '3306820000118449'), ('corpid', '25E69195C2E461D0B3337581FA230418B08685D23A98ADDAD07DF06B5581D85C'), ('entUnscId', '91330604693617918W')])
INFO: 2017-06-23 17:11:22,676  330682000053896 : OrderedDict([('name', '绍兴电波网络有限公司'), ('regno', '330682000053896'), ('nocorpid', '3306820000090352'), ('corpid', 'C11E13BE31843C27546D1F35B46F6F8AB08685D23A98ADDAD07DF06B5581D85C'), ('entUnscId', None)])
INFO: 2017-06-23 17:11:35,300  330682000053907 : OrderedDict([('name', '浙江舜曙照明电器有限公司'), ('regno', '330682000053907'), ('nocorpid', '3306820000118468'), ('corpid', '29CDC7BF3ED73A3CF9002604E76A6D39B08685D23A98ADDAD07DF06B5581D85C'), ('entUnscId', '91330604693620228B')])
INFO: 2017-06-23 17:11:44,734  330682000053915 : OrderedDict([('name', '中国农业银行股份有限公司绍兴上虞支行'), ('regno', '330682000053915'), ('nocorpid', '3306821000000544'), ('corpid', '603290224696557C7BE91AED16577236B08685D23A98ADDAD07DF06B5581D85C'), ('entUnscId', '913306047045192496')])
INFO: 2017-06-23 17:11:54,157  330682000053923 : OrderedDict([('name', '上虞市海龙风机厂'), ('regno', '330682000053923'), ('nocorpid', '3306820000118474'), ('corpid', 'FE2CDB52643BB0D28505CF7EF45BD7DDB08685D23A98ADDAD07DF06B5581D85C'), ('entUnscId', None)])
INFO: 2017-06-23 17:12:03,643  330682000053931 : OrderedDict([('name', '绍兴市上虞区万华豪升贸易有限公司'), ('regno', '330682000053931'), ('nocorpid', '3306820000092208'), ('corpid', 'D9B8D654431802F6EDB443E8AB63A661B08685D23A98ADDAD07DF06B5581D85C'), ('entUnscId', '913306047686532442')])
INFO: 2017-06-23 17:12:14,132  330682000053940 : OrderedDict([('name', '上虞市小越镇兰天服装印花加工厂'), ('regno', '330682000053940'), ('nocorpid', '3306820000118483'), ('corpid', 'D2E0F66F1F72D64DBCD38A3B9158977CB08685D23A98ADDAD07DF06B5581D85C'), ('entUnscId', None)])
INFO: 2017-06-23 17:12:34,090  330682000053958 : OrderedDict([('name', '上虞市虞北网吧'), ('regno', '330682000053958'), ('nocorpid', '3306820000101759'), ('corpid', 'A2D0FF1786C29ABD97B49B31EECDFDB6B08685D23A98ADDAD07DF06B5581D85C'), ('entUnscId', None)])
INFO: 2017-06-23 17:12:43,648  330682000053966 : OrderedDict([('name', '绍兴琴诺建材科技有限公司'), ('regno', '330682000053966'), ('nocorpid', '3306820000118458'), ('corpid', 'F5DE2A2C0F493A2F909C99E0F76DD85FB08685D23A98ADDAD07DF06B5581D85C'), ('entUnscId', '91330604693623066K')])
INFO: 2017-06-23 17:13:01,560  330682000053982 : OrderedDict([('name', '绍兴上虞绿景园林工程有限公司'), ('regno', '330682000053982'), ('nocorpid', '3306820000105516'), ('corpid', '787E05D13EDF4F61281DD59B23701E10B08685D23A98ADDAD07DF06B5581D85C'), ('entUnscId', '9133060466172599XF')])
INFO: 2017-06-23 17:13:20,460  330682000053999 : OrderedDict([('name', '浙江朝诚电机有限公司上虞梁湖工业区分公司'), ('regno', '330682000053999'), ('nocorpid', '3306820000118486'), ('corpid', 'CE544F3D995F1A567A30BF54E99FCA19B08685D23A98ADDAD07DF06B5581D85C'), ('entUnscId', None)])
INFO: 2017-06-23 17:13:28,816  330682000054006 : OrderedDict([('name', '上虞百官百力电机有限公司梁湖工业区分公司'), ('regno', '330682000054006'), ('nocorpid', '3306820000118485'), ('corpid', 'F3FA95EA4CA288AE091149DED595A7F4B08685D23A98ADDAD07DF06B5581D85C'), ('entUnscId', None)])
INFO: 2017-06-23 17:13:38,291  330682000054014 : OrderedDict([('name', '绍兴上虞捷达塑业有限公司'), ('regno', '330682000054014'), ('nocorpid', '3306820000105678'), ('corpid', 'EBAF0CC9C94D76302089F065502E04ECB08685D23A98ADDAD07DF06B5581D85C'), ('entUnscId', '91330604662852720D')])
INFO: 2017-06-23 17:13:47,799  330682000054022 : OrderedDict([('name', '上虞市五洲塑业有限公司'), ('regno', '330682000054022'), ('nocorpid', '3306820000118502'), ('corpid', '9C2104F4A88F5935AD6AF2D6AFE5E605B08685D23A98ADDAD07DF06B5581D85C'), ('entUnscId', None)])
INFO: 2017-06-23 17:14:06,793  330682000054039 : OrderedDict([('name', '绍兴市上虞交通建设监理有限公司'), ('regno', '330682000054039'), ('nocorpid', '3306820000051175'), ('corpid', '88AD9A2EF8F84F465595C30B3854E065B08685D23A98ADDAD07DF06B5581D85C'), ('entUnscId', '913306047125811658')])
INFO: 2017-06-23 17:14:16,256  330682000054047 : OrderedDict([('name', '绍兴上虞小越镇永兴五金弹簧厂'), ('regno', '330682000054047'), ('nocorpid', '3306820000080126'), ('corpid', '06B84A8B27A20EBA38E26A436367C4ABB08685D23A98ADDAD07DF06B5581D85C'), ('entUnscId', '91330604X09581315H')])
INFO: 2017-06-23 17:14:25,708  330682000054055 : OrderedDict([('name', '上虞市巨立仓储管理有限公司'), ('regno', '330682000054055'), ('nocorpid', '3306820000118503'), ('corpid', '85A64E94398BAABF3DFBC06B2AA4E50AB08685D23A98ADDAD07DF06B5581D85C'), ('entUnscId', None)])
INFO: 2017-06-23 17:14:35,116  330682000054063 : OrderedDict([('name', '上虞市飞天电脑有限公司'), ('regno', '330682000054063'), ('nocorpid', '3306820000106049'), ('corpid', '6AC1B1F253F23142E0E5750EACB04A4AB08685D23A98ADDAD07DF06B5581D85C'), ('entUnscId', None)])
INFO: 2017-06-23 17:14:54,110  330682000054080 : OrderedDict([('name', '浙江德圆企业管理咨询有限公司'), ('regno', '330682000054080'), ('nocorpid', '3306820000091460'), ('corpid', '5B1FD78FA22D786155B82A78BA800AA5B08685D23A98ADDAD07DF06B5581D85C'), ('entUnscId', '91330604146160744Y')])
INFO: 2017-06-23 17:15:14,046  330682000054098 : OrderedDict([('name', '中国人寿保险股份有限公司上虞市支公司丰惠营业部'), ('regno', '330682000054098'), ('nocorpid', '3306820000083814'), ('corpid', 'D1B5902EF7F71BFA25E78C61B069928BB08685D23A98ADDAD07DF06B5581D85C'), ('entUnscId', None)])
INFO: 2017-06-23 17:15:19,251  330682000054102 : OrderedDict([('name', '上虞市安达汽车摩托车销售有限公司解放街分公司'), ('regno', '330682000054102'), ('nocorpid', '3306820000118511'), ('corpid', '8F017A35A1E7EE49148FE40FF81F52D5B08685D23A98ADDAD07DF06B5581D85C'), ('entUnscId', None)])
INFO: 2017-06-23 17:15:38,290  330682000054119 : OrderedDict([('name', '上虞市浙东旅游集散中心'), ('regno', '330682000054119'), ('nocorpid', '3306820000118520'), ('corpid', 'BA2B1C62AAE31202EF924A66A0917175B08685D23A98ADDAD07DF06B5581D85C'), ('entUnscId', None)])
INFO: 2017-06-23 17:15:47,718  330682000054127 : OrderedDict([('name', '浙江舜明医药化工有限公司'), ('regno', '330682000054127'), ('nocorpid', '3306820000118527'), ('corpid', 'FD95CC5228A04C62571016BF502E19A3B08685D23A98ADDAD07DF06B5581D85C'), ('entUnscId', None)])
INFO: 2017-06-23 17:15:57,213  330682000054135 : OrderedDict([('name', '浙江科兴铜业有限公司'), ('regno', '330682000054135'), ('nocorpid', '3306820000053391'), ('corpid', 'D39962CC7A439E0DB1A7D4323946994AB08685D23A98ADDAD07DF06B5581D85C'), ('entUnscId', None)])
INFO: 2017-06-23 17:16:15,046  330682000054151 : OrderedDict([('name', '上虞禹涵服饰有限公司'), ('regno', '330682000054151'), ('nocorpid', '3306820000118537'), ('corpid', 'F6E022FB7C4BE8842140858B4EE4DB81B08685D23A98ADDAD07DF06B5581D85C'), ('entUnscId', None)])
INFO: 2017-06-23 17:16:25,518  330682000054160 : OrderedDict([('name', '上虞市华佳亿塑化有限公司'), ('regno', '330682000054160'), ('nocorpid', '3306820000067470'), ('corpid', '09059B7094A6F46BAB2BBF961E3381F8B08685D23A98ADDAD07DF06B5581D85C'), ('entUnscId', None)])
INFO: 2017-06-23 17:16:45,511  330682000054178 : OrderedDict([('name', '绍兴市上虞区思亿电器有限公司'), ('regno', '330682000054178'), ('nocorpid', '3306820000118541'), ('corpid', 'A1AB15A8B1C49C127B2B5BDF19213D30B08685D23A98ADDAD07DF06B5581D85C'), ('entUnscId', '91330604693628860J')])
INFO: 2017-06-23 17:16:54,982  330682000054186 : OrderedDict([('name', '绍兴上虞众友企业有限公司'), ('regno', '330682000054186'), ('nocorpid', '3306820000095003'), ('corpid', '0FF48A75C8AB456670840ED32EEAF9BEB08685D23A98ADDAD07DF06B5581D85C'), ('entUnscId', '91330604775728072J')])
INFO: 2017-06-23 17:17:04,377  330682000054194 : OrderedDict([('name', '上虞怡凌贸易有限公司'), ('regno', '330682000054194'), ('nocorpid', '3306820000118551'), ('corpid', '8203357AEAAC92A11848B1F0D85CA201B08685D23A98ADDAD07DF06B5581D85C'), ('entUnscId', None)])
INFO: 2017-06-23 17:17:21,250  330682000054209 : OrderedDict([('name', '绍兴市上虞汤浦铝管厂'), ('regno', '330682000054209'), ('nocorpid', '3306824000000913'), ('corpid', '80D40F388070575D009E68FAD0FC28CDB08685D23A98ADDAD07DF06B5581D85C'), ('entUnscId', '91330604609676035C')])
INFO: 2017-06-23 17:17:30,653  330682000054217 : OrderedDict([('name', '上虞市天郎伞业有限公司'), ('regno', '330682000054217'), ('nocorpid', '3306820000118555'), ('corpid', 'BE8B7F2F9BACF07094364B4D84C0A321B08685D23A98ADDAD07DF06B5581D85C'), ('entUnscId', None)])
INFO: 2017-06-23 17:17:40,169  330682000054225 : OrderedDict([('name', '绍兴市上虞区振浩塑料包装有限公司'), ('regno', '330682000054225'), ('nocorpid', '3306820000118523'), ('corpid', 'D2BBF4008256E0349FDEEECFA1B66197B08685D23A98ADDAD07DF06B5581D85C'), ('entUnscId', '913306046936331687')])
INFO: 2017-06-23 17:17:49,645  330682000054233 : OrderedDict([('name', '上虞市谢塘镇永特化工经营部'), ('regno', '330682000054233'), ('nocorpid', '3306820000118565'), ('corpid', 'CFD2C7871333E676DCFBC712B767F6F0B08685D23A98ADDAD07DF06B5581D85C'), ('entUnscId', None)])
INFO: 2017-06-23 17:17:59,124  330682000054241 : OrderedDict([('name', '上虞市浙东休闲购物广场'), ('regno', '330682000054241'), ('nocorpid', '3306820000118571'), ('corpid', '72066DEF9AE65D1D95E7BE613036BC8BB08685D23A98ADDAD07DF06B5581D85C'), ('entUnscId', None)])
INFO: 2017-06-23 17:18:09,611  330682000054250 : OrderedDict([('name', '绍兴云飞化工有限公司'), ('regno', '330682000054250'), ('nocorpid', '3306820000118568'), ('corpid', 'F17225F3070F3D489BCF5D54F7AEAE68B08685D23A98ADDAD07DF06B5581D85C'), ('entUnscId', None)])
INFO: 2017-06-23 17:18:29,602  330682000054268 : OrderedDict([('name', '绍兴大通商城购物中心有限公司上虞家电批发分公司'), ('regno', '330682000054268'), ('nocorpid', '3306820000118578'), ('corpid', 'D6BFCCD6F6A3D8079AFD7D34B0AC75A5B08685D23A98ADDAD07DF06B5581D85C'), ('entUnscId', None)])
INFO: 2017-06-23 17:18:47,448  330682000054284 : OrderedDict([('name', '绍兴市四季绿农资有限责任公司上虞丰惠供应点'), ('regno', '330682000054284'), ('nocorpid', '3306820000118577'), ('corpid', '23DE31D992AD8D2605EA426AFAEB1EDDB08685D23A98ADDAD07DF06B5581D85C'), ('entUnscId', '91330604693641387T')])
INFO: 2017-06-23 17:18:56,859  330682000054292 : OrderedDict([('name', '宁波市浙东阀门制造公司上虞分公司'), ('regno', '330682000054292'), ('nocorpid', '3306820000065324'), ('corpid', '5D167715D4B5D5F202EF87EDA13079FAB08685D23A98ADDAD07DF06B5581D85C'), ('entUnscId', '913306047200331695')])
INFO: 2017-06-23 17:19:11,646  330682000054305 : OrderedDict([('name', '绍兴上虞舜通通信工程有限公司'), ('regno', '330682000054305'), ('nocorpid', '3306820000118587'), ('corpid', '1464A27D8DD429969390405766C96972B08685D23A98ADDAD07DF06B5581D85C'), ('entUnscId', '91330604693636991P')])
INFO: 2017-06-23 17:19:21,119  330682000054313 : OrderedDict([('name', '浙江国祥股份有限公司'), ('regno', '330682000054313'), ('nocorpid', '3306820000118586'), ('corpid', 'F6AE3503244903D550873710D42811A2B08685D23A98ADDAD07DF06B5581D85C'), ('entUnscId', '913306006938520294')])
INFO: 2017-06-23 17:19:30,527  330682000054321 : OrderedDict([('name', '中国电信股份有限公司上虞汤浦营业厅'), ('regno', '330682000054321'), ('nocorpid', '3306820000118397'), ('corpid', '9875AC9918D9A4E1ECF3B40164A1773BB08685D23A98ADDAD07DF06B5581D85C'), ('entUnscId', '91330604552869206E')])
INFO: 2017-06-23 17:19:41,046  330682000054330 : OrderedDict([('name', '绍兴虞林生物科技有限公司'), ('regno', '330682000054330'), ('nocorpid', '3306820000118605'), ('corpid', '1B95144D22181C96A4176E426D474D38B08685D23A98ADDAD07DF06B5581D85C'), ('entUnscId', '913306046936386120')])
INFO: 2017-06-23 17:20:01,121  330682000054348 : OrderedDict([('name', '绍兴市绿洲环保工程有限公司'), ('regno', '330682000054348'), ('nocorpid', '3306820000095288'), ('corpid', '30DFE7A6D5D90A03F9E79F784F8C4ED4B08685D23A98ADDAD07DF06B5581D85C'), ('entUnscId', None)])
INFO: 2017-06-23 17:20:10,618  330682000054356 : OrderedDict([('name', '绍兴永恒锅炉配件有限公司'), ('regno', '330682000054356'), ('nocorpid', '3306820000118547'), ('corpid', '53303E1E3992DF67130314F2ABBE1E37B08685D23A98ADDAD07DF06B5581D85C'), ('entUnscId', '91330604693638698T')])
INFO: 2017-06-23 17:20:20,092  330682000054364 : OrderedDict([('name', '绍兴市上虞日昌礼品蜡业有限公司'), ('regno', '330682000054364'), ('nocorpid', '3306820000050769'), ('corpid', 'F483BF44F95E5C96FC4D8719AA65D588B08685D23A98ADDAD07DF06B5581D85C'), ('entUnscId', '91330604712580867Y')])
INFO: 2017-06-23 17:20:29,552  330682000054372 : OrderedDict([('name', '绍兴联冷深度冷却塔有限公司'), ('regno', '330682000054372'), ('nocorpid', '3306823000000059'), ('corpid', '2F1928085341936A1085BD9A24CBB34DB08685D23A98ADDAD07DF06B5581D85C'), ('entUnscId', '91330604609677118G')])
INFO: 2017-06-23 17:20:48,588  330682000054389 : OrderedDict([('name', '绍兴市上虞东山湖运动休闲有限公司'), ('regno', '330682000054389'), ('nocorpid', '3306820000118620'), ('corpid', 'BF5E605BD9F2B64C3649455C7B166B2EB08685D23A98ADDAD07DF06B5581D85C'), ('entUnscId', '91330604693638751N')])
INFO: 2017-06-23 17:20:58,052  330682000054397 : OrderedDict([('name', '浙江烨展钢构有限公司'), ('regno', '330682000054397'), ('nocorpid', '3306820000096625'), ('corpid', 'E347113B0042666E84EC00F4C87E6092B08685D23A98ADDAD07DF06B5581D85C'), ('entUnscId', '91330604779399421W')])
INFO: 2017-06-23 17:21:03,316  330682000054401 : OrderedDict([('name', '上虞富林建设工程有限公司'), ('regno', '330682000054401'), ('nocorpid', '3306820000118598'), ('corpid', '6499FCA82401675F126F8C6D30BEF1FDB08685D23A98ADDAD07DF06B5581D85C'), ('entUnscId', None)])
INFO: 2017-06-23 17:21:13,883  330682000054410 : OrderedDict([('name', '上虞市文源文化用品有限公司'), ('regno', '330682000054410'), ('nocorpid', '3306820000118630'), ('corpid', '09EDC5432462951C3BC5E2A4DAD5A6A7B08685D23A98ADDAD07DF06B5581D85C'), ('entUnscId', None)])
INFO: 2017-06-23 17:21:33,811  330682000054428 : OrderedDict([('name', '上虞市宏钢贸易有限公司'), ('regno', '330682000054428'), ('nocorpid', '3306820000118633'), ('corpid', '5D1C314460ABE069910E9EEA4E9DD6F1B08685D23A98ADDAD07DF06B5581D85C'), ('entUnscId', None)])
INFO: 2017-06-23 17:21:43,249  330682000054436 : OrderedDict([('name', '上虞市成阳环保设备填料厂'), ('regno', '330682000054436'), ('nocorpid', '3306820000118639'), ('corpid', 'EA2A6EBF6D32DA9FE7DFF586FF859FFDB08685D23A98ADDAD07DF06B5581D85C'), ('entUnscId', None)])
INFO: 2017-06-23 17:21:52,744  330682000054444 : OrderedDict([('name', '绍兴市上虞杨氏弹簧厂'), ('regno', '330682000054444'), ('nocorpid', '3306824000002262'), ('corpid', '0D123A056B63A989487CFB8013ECDE84B08685D23A98ADDAD07DF06B5581D85C'), ('entUnscId', '91330604704517104E')])
INFO: 2017-06-23 17:22:02,194  330682000054452 : OrderedDict([('name', '浙江德司达贸易有限公司'), ('regno', '330682000054452'), ('nocorpid', '3306820000118601'), ('corpid', 'AA68DF6F5B7CED394D137CDCFF400A90B08685D23A98ADDAD07DF06B5581D85C'), ('entUnscId', '91330600693640384G')])
INFO: 2017-06-23 17:22:21,130  330682000054469 : OrderedDict([('name', '绍兴现代医疗物资有限公司'), ('regno', '330682000054469'), ('nocorpid', '3306820000091828'), ('corpid', '496049B2002FCACAEB861C97977260F6B08685D23A98ADDAD07DF06B5581D85C'), ('entUnscId', '91330604766439578W')])
INFO: 2017-06-23 17:22:30,596  330682000054477 : OrderedDict([('name', '绍兴市上虞永晟科教电器有限公司'), ('regno', '330682000054477'), ('nocorpid', '3306820000083219'), ('corpid', '24CD54FC9B94E9364CF851C4A79B9243B08685D23A98ADDAD07DF06B5581D85C'), ('entUnscId', '91330604745807677R')])
INFO: 2017-06-23 17:22:40,020  330682000054485 : OrderedDict([('name', '浙江恒辉铁塔制造有限公司上虞分公司'), ('regno', '330682000054485'), ('nocorpid', '3306820000084765'), ('corpid', '5278BCAE7A60A1C06646527EE6E02AC5B08685D23A98ADDAD07DF06B5581D85C'), ('entUnscId', None)])
INFO: 2017-06-23 17:22:49,466  330682000054493 : OrderedDict([('name', '绍兴舜南农业综合开发有限公司'), ('regno', '330682000054493'), ('nocorpid', '3306820000118649'), ('corpid', '307408775D28A30931F8C326B9B67F8CB08685D23A98ADDAD07DF06B5581D85C'), ('entUnscId', '91330604693641598A')])
INFO: 2017-06-23 17:23:06,357  330682000054508 : OrderedDict([('name', '浙江易川体育用品连锁有限公司上虞解放街分店'), ('regno', '330682000054508'), ('nocorpid', '3306820000118629'), ('corpid', 'AE24452217EFF5F9F7CE305554673BAFB08685D23A98ADDAD07DF06B5581D85C'), ('entUnscId', None)])
INFO: 2017-06-23 17:23:16,383  330682000054516 : OrderedDict([('name', '上虞市盛世食品机械有限公司'), ('regno', '330682000054516'), ('nocorpid', '3306820000098514'), ('corpid', '42250287194FC6F43418A258157A11C9B08685D23A98ADDAD07DF06B5581D85C'), ('entUnscId', None)])
INFO: 2017-06-23 17:23:26,379  330682000054524 : OrderedDict([('name', '上虞市兰山农业开发有限公司'), ('regno', '330682000054524'), ('nocorpid', '3306820000118669'), ('corpid', '814E2FED61C638FEFC74FD14B57F513DB08685D23A98ADDAD07DF06B5581D85C'), ('entUnscId', None)])
INFO: 2017-06-23 17:23:36,313  330682000054532 : OrderedDict([('name', '绍兴市上虞区诚必盛胶带厂'), ('regno', '330682000054532'), ('nocorpid', '3306820000094578'), ('corpid', 'B5B6062121456A0B6902D2D3F75C29B3B08685D23A98ADDAD07DF06B5581D85C'), ('entUnscId', '91330604774366110U')])
INFO: 2017-06-23 17:23:55,761  330682000054549 : OrderedDict([('name', '上虞市中诚铜管厂'), ('regno', '330682000054549'), ('nocorpid', '3306820000118673'), ('corpid', '6EE8BDC919FFEBB91F418DD93D3F8E90B08685D23A98ADDAD07DF06B5581D85C'), ('entUnscId', None)])
INFO: 2017-06-23 17:24:06,126  330682000054557 : OrderedDict([('name', '绍兴宏阳袜业有限公司'), ('regno', '330682000054557'), ('nocorpid', '3306820000118677'), ('corpid', '64E49B7344960D814F6C0874489D6175B08685D23A98ADDAD07DF06B5581D85C'), ('entUnscId', '913306046936427500')])
INFO: 2017-06-23 17:24:15,940  330682000054565 : OrderedDict([('name', '上虞市彩虹网吧'), ('regno', '330682000054565'), ('nocorpid', '3306820000082119'), ('corpid', 'CB634D19561A6E8F3D70A4AD78302B4FB08685D23A98ADDAD07DF06B5581D85C'), ('entUnscId', None)])
INFO: 2017-06-23 17:24:25,810  330682000054573 : OrderedDict([('name', '绍兴上虞森晖塑料制品厂'), ('regno', '330682000054573'), ('nocorpid', '3306820000118691'), ('corpid', 'DFF56A45C6DC12DD789D9DB02783F8C9B08685D23A98ADDAD07DF06B5581D85C'), ('entUnscId', '91330604693647746M')])
INFO: 2017-06-23 17:24:35,267  330682000054581 : OrderedDict([('name', '绍兴市上虞区锐泽工贸有限公司'), ('regno', '330682000054581'), ('nocorpid', '3306820000118628'), ('corpid', 'B378E23E4FC474C5EE5A8D1862C09022B08685D23A98ADDAD07DF06B5581D85C'), ('entUnscId', '91330604693851077M')])
INFO: 2017-06-23 17:24:45,777  330682000054590 : OrderedDict([('name', '绍兴上虞晟虞电器有限公司'), ('regno', '330682000054590'), ('nocorpid', '3306820000118698'), ('corpid', '9ACEBF53B4A5E3559F2F6D5E8F18C828B08685D23A98ADDAD07DF06B5581D85C'), ('entUnscId', '91330604693853611D')])
INFO: 2017-06-23 17:25:01,592  330682000054604 : OrderedDict([('name', '浙江珊瑚化工有限公司'), ('regno', '330682000054604'), ('nocorpid', '3306820000105022'), ('corpid', '3BECC178EF6B8E871911C9DB2F7F556FB08685D23A98ADDAD07DF06B5581D85C'), ('entUnscId', '91330604146183348R')])
INFO: 2017-06-23 17:25:11,111  330682000054612 : OrderedDict([('name', '绍兴市上虞区下管镇昌裕电器厂'), ('regno', '330682000054612'), ('nocorpid', '3306820000118706'), ('corpid', '4170F31749508DE2825A78827E41EEFFB08685D23A98ADDAD07DF06B5581D85C'), ('entUnscId', '91330604693853494K')])
INFO: 2017-06-23 17:25:30,029  330682000054629 : OrderedDict([('name', '上虞市汤浦兴达电脑服务部'), ('regno', '330682000054629'), ('nocorpid', '3306823010009646'), ('corpid', 'CC93DFBFA3B8359D0C8015A5027EAB25B08685D23A98ADDAD07DF06B5581D85C'), ('entUnscId', None)])
INFO: 2017-06-23 17:25:39,537  330682000054637 : OrderedDict([('name', '上虞市中泰伞厂'), ('regno', '330682000054637'), ('nocorpid', '3306820000118726'), ('corpid', '58AB5EF744E04181247C81D1B36D5E8CB08685D23A98ADDAD07DF06B5581D85C'), ('entUnscId', None)])
INFO: 2017-06-23 17:25:48,997  330682000054645 : OrderedDict([('name', '上虞中庆兆春农业发展有限公司'), ('regno', '330682000054645'), ('nocorpid', '3306820000118710'), ('corpid', '58131BE323C9CAD9F9F15E2D1721C887B08685D23A98ADDAD07DF06B5581D85C'), ('entUnscId', None)])
INFO: 2017-06-23 17:25:58,478  330682000054653 : OrderedDict([('name', '绍兴上虞丁法制线厂'), ('regno', '330682000054653'), ('nocorpid', '3306824000002330'), ('corpid', '3F5C424025F97741EC63A8155241AE45B08685D23A98ADDAD07DF06B5581D85C'), ('entUnscId', '91330604704519310W')])
INFO: 2017-06-23 17:26:08,001  330682000054661 : OrderedDict([('name', '绍兴市上虞弗兰特自动化设备有限公司'), ('regno', '330682000054661'), ('nocorpid', '3306820000118725'), ('corpid', '7B0694699433BC04871DD0193E3E09BDB08685D23A98ADDAD07DF06B5581D85C'), ('entUnscId', '91330604693853566C')])
INFO: 2017-06-23 17:26:18,582  330682000054670 : OrderedDict([('name', '绍兴市上虞区金灏商贸有限公司'), ('regno', '330682000054670'), ('nocorpid', '3306820000118721'), ('corpid', '29684B9FD88E9F013A48FB9604CC5994B08685D23A98ADDAD07DF06B5581D85C'), ('entUnscId', '91330604693853363P')])
INFO: 2017-06-23 17:26:38,574  330682000054688 : OrderedDict([('name', '浙江沃达科技有限公司上虞分公司'), ('regno', '330682000054688'), ('nocorpid', '3306820000118690'), ('corpid', '6C7C6315F36D90A831C587D2E4FD9751B08685D23A98ADDAD07DF06B5581D85C'), ('entUnscId', None)])
INFO: 2017-06-23 17:26:48,127  330682000054696 : OrderedDict([('name', '绍兴市上虞区齐天伞业有限公司'), ('regno', '330682000054696'), ('nocorpid', '3306820000095746'), ('corpid', '73B96F687A676B5556376C0DFF18DC42B08685D23A98ADDAD07DF06B5581D85C'), ('entUnscId', '913306047782777217')])
INFO: 2017-06-23 17:27:00,774  330682000054707 : OrderedDict([('name', '绍兴上虞大宇机械有限公司'), ('regno', '330682000054707'), ('nocorpid', '3306820000118714'), ('corpid', '03F7038E7CEF4ED386738CE20FB82C02B08685D23A98ADDAD07DF06B5581D85C'), ('entUnscId', '91330604693858930H')])
INFO: 2017-06-23 17:27:10,280  330682000054715 : OrderedDict([('name', '绍兴上虞雅妮制伞有限公司'), ('regno', '330682000054715'), ('nocorpid', '3306820000092950'), ('corpid', '1B36C64F3BCA7E8DC07479C7186E61F6B08685D23A98ADDAD07DF06B5581D85C'), ('entUnscId', '913306047707114078')])
INFO: 2017-06-23 17:27:19,707  330682000054723 : OrderedDict([('name', '上虞维安特劳防用品有限公司'), ('regno', '330682000054723'), ('nocorpid', '3306820000118727'), ('corpid', '8393CE9D90535E1B7A3E8E63C433AF03B08685D23A98ADDAD07DF06B5581D85C'), ('entUnscId', None)])
INFO: 2017-06-23 17:27:29,211  330682000054731 : OrderedDict([('name', '绍兴市上虞志华商贸有限公司'), ('regno', '330682000054731'), ('nocorpid', '3306820000104662'), ('corpid', 'BFA7C4CFB3AAF9B781080DA3A0B55C87B08685D23A98ADDAD07DF06B5581D85C'), ('entUnscId', '91330604799627989F')])
INFO: 2017-06-23 17:27:39,800  330682000054740 : OrderedDict([('name', '绍兴上虞联鑫再生物资回收有限公司'), ('regno', '330682000054740'), ('nocorpid', '3306820000118744'), ('corpid', '0E2708BDCF575F97E2DC446772BE80E4B08685D23A98ADDAD07DF06B5581D85C'), ('entUnscId', '9133060469385899XH')])
INFO: 2017-06-23 17:27:59,911  330682000054758 : OrderedDict([('name', '上虞市天瑞商贸有限公司'), ('regno', '330682000054758'), ('nocorpid', '3306820000118745'), ('corpid', '3F6BEBA22C7F4F3448CF016100C823E1B08685D23A98ADDAD07DF06B5581D85C'), ('entUnscId', None)])
INFO: 2017-06-23 17:28:09,342  330682000054766 : OrderedDict([('name', '上虞市宏顺汽车配件厂'), ('regno', '330682000054766'), ('nocorpid', '3306820000118769'), ('corpid', '2A0BD63F580487031F2D91EFA2E51583B08685D23A98ADDAD07DF06B5581D85C'), ('entUnscId', None)])
INFO: 2017-06-23 17:28:18,817  330682000054774 : OrderedDict([('name', '浙江蒙佩商贸发展有限公司娥江商城'), ('regno', '330682000054774'), ('nocorpid', '3306820000100505'), ('corpid', 'CC757967305F1B986BEDA1D75C044FF5B08685D23A98ADDAD07DF06B5581D85C'), ('entUnscId', '91330604788825541A')])
INFO: 2017-06-23 17:28:28,252  330682000054782 : OrderedDict([('name', '上虞市和盛建材有限公司'), ('regno', '330682000054782'), ('nocorpid', '3306820000118773'), ('corpid', 'FE391D15BBFDF67E402D46EC6B2FD97BB08685D23A98ADDAD07DF06B5581D85C'), ('entUnscId', None)])
INFO: 2017-06-23 17:28:47,560  330682000054799 : OrderedDict([('name', '绍兴市上虞区小越镇兴华机械厂'), ('regno', '330682000054799'), ('nocorpid', '3306820000055028'), ('corpid', '4F25BB70A2DCF599C032D6C93B436AD4B08685D23A98ADDAD07DF06B5581D85C'), ('entUnscId', '9133060456699004X2')])
INFO: 2017-06-23 17:28:52,835  330682000054803 : OrderedDict([('name', '浙江华泽建筑工程有限公司'), ('regno', '330682000054803'), ('nocorpid', '3306820000105223'), ('corpid', '0AB4F27254B96CDF4415FF45A8F7DB75B08685D23A98ADDAD07DF06B5581D85C'), ('entUnscId', '913306046605863269')])
INFO: 2017-06-23 17:29:02,347  330682000054811 : OrderedDict([('name', '绍兴市上虞区梁湖农业综合经营公司'), ('regno', '330682000054811'), ('nocorpid', '3306821000001473'), ('corpid', '7787A8555A9BA1F56A63BD09FE125FF6B08685D23A98ADDAD07DF06B5581D85C'), ('entUnscId', '91330604749022260U')])
INFO: 2017-06-23 17:29:12,970  330682000054820 : OrderedDict([('name', '绍兴市鑫荣包装材料有限公司'), ('regno', '330682000054820'), ('nocorpid', '3306820000118799'), ('corpid', '8647FC932C4EB8E6571EC7809A50D3D9B08685D23A98ADDAD07DF06B5581D85C'), ('entUnscId', '91330604693858893B')])
INFO: 2017-06-23 17:29:32,961  330682000054838 : OrderedDict([('name', '上虞市思远化工有限公司'), ('regno', '330682000054838'), ('nocorpid', '3306820000118760'), ('corpid', '948EA9C09DB3A2927D9A4E8AFCC7A69DB08685D23A98ADDAD07DF06B5581D85C'), ('entUnscId', None)])
INFO: 2017-06-23 17:29:42,496  330682000054846 : OrderedDict([('name', '绍兴上虞章镇菁岑农庄'), ('regno', '330682000054846'), ('nocorpid', '3306820000083653'), ('corpid', '4AEA730778E2C1AEE3432B08D7ED2087B08685D23A98ADDAD07DF06B5581D85C'), ('entUnscId', '91330604757085640A')])
INFO: 2017-06-23 17:30:00,385  330682000054862 : OrderedDict([('name', '上虞市世鑫金属制品有限公司'), ('regno', '330682000054862'), ('nocorpid', '3306820000118823'), ('corpid', '6A34975B6F757A04D5186D52ABC788DBB08685D23A98ADDAD07DF06B5581D85C'), ('entUnscId', None)])
INFO: 2017-06-23 17:30:19,377  330682000054879 : OrderedDict([('name', '绍兴市浙东化工厂'), ('regno', '330682000054879'), ('nocorpid', '3306824000001758'), ('corpid', '7E064D89186B3DBEC465CC30B5D6B982B08685D23A98ADDAD07DF06B5581D85C'), ('entUnscId', '9133060414619176XW')])
INFO: 2017-06-23 17:30:28,826  330682000054887 : OrderedDict([('name', '上虞市创龙化工设备仪器厂'), ('regno', '330682000054887'), ('nocorpid', '3306820000084426'), ('corpid', '3D6086FCEA346D748A2639FD6003D1ACB08685D23A98ADDAD07DF06B5581D85C'), ('entUnscId', None)])
INFO: 2017-06-23 17:30:38,365  330682000054895 : OrderedDict([('name', '绍兴市上虞区青峰摄影器材厂'), ('regno', '330682000054895'), ('nocorpid', '3306820000118831'), ('corpid', 'B08ACA9DFB35576E448B68F0AE4C6E30B08685D23A98ADDAD07DF06B5581D85C'), ('entUnscId', '91330604693863756E')])
INFO: 2017-06-23 17:30:44,622  330682000054900 : OrderedDict([('name', '绍兴大通超市有限公司凤山路店'), ('regno', '330682000054900'), ('nocorpid', '3306820000096693'), ('corpid', '2D6348E9D72FAC7AC7B1505A1829CCB2B08685D23A98ADDAD07DF06B5581D85C'), ('entUnscId', None)])
INFO: 2017-06-23 17:31:04,681  330682000054918 : OrderedDict([('name', '绍兴市上虞区腾飞制伞厂'), ('regno', '330682000054918'), ('nocorpid', '3306820000118841'), ('corpid', '863E5F7EF4BD486F365A9B41C33BF95DB08685D23A98ADDAD07DF06B5581D85C'), ('entUnscId', '91330604693863780Y')])
INFO: 2017-06-23 17:31:14,173  330682000054926 : OrderedDict([('name', '浙江锦锐汽车有限公司'), ('regno', '330682000054926'), ('nocorpid', '3306820000084119'), ('corpid', '502BFF17A2CEBA3F8CF790AF722E99C5B08685D23A98ADDAD07DF06B5581D85C'), ('entUnscId', '913306047477414807')])
INFO: 2017-06-23 17:31:23,722  330682000054934 : OrderedDict([('name', '绍兴悠游旅游有限公司'), ('regno', '330682000054934'), ('nocorpid', '3306820000118771'), ('corpid', '200E88DC61DE8CAA7AD1A52C7EA6D435B08685D23A98ADDAD07DF06B5581D85C'), ('entUnscId', '91330604693869197Y')])
INFO: 2017-06-23 17:31:33,142  330682000054942 : OrderedDict([('name', '上虞市中涛铜业有限公司'), ('regno', '330682000054942'), ('nocorpid', '3306820000118847'), ('corpid', '6389573D6FA12485D9178B97BDA986C2B08685D23A98ADDAD07DF06B5581D85C'), ('entUnscId', None)])
INFO: 2017-06-23 17:31:52,040  330682000054959 : OrderedDict([('name', '绍兴市绿丰农业生产资料有限公司上虞大勤供应店'), ('regno', '330682000054959'), ('nocorpid', '3306820000118843'), ('corpid', 'D8884D3E841FEA90AECF036C100E9178B08685D23A98ADDAD07DF06B5581D85C'), ('entUnscId', None)])
INFO: 2017-06-23 17:32:01,714  330682000054967 : OrderedDict([('name', '绍兴大通超市有限公司曹娥店'), ('regno', '330682000054967'), ('nocorpid', '3306820000100686'), ('corpid', '7E6866CC1FA45D08DF403C7B48949D0AB08685D23A98ADDAD07DF06B5581D85C'), ('entUnscId', None)])
INFO: 2017-06-23 17:32:11,236  330682000054975 : OrderedDict([('name', '绍兴上虞瑞天塑业有限公司'), ('regno', '330682000054975'), ('nocorpid', '3306820000118854'), ('corpid', '8F0C46F737E7D0BF1F6F5FFBCF5AEED9B08685D23A98ADDAD07DF06B5581D85C'), ('entUnscId', '913306046938692345')])
INFO: 2017-06-23 17:32:20,748  330682000054983 : OrderedDict([('name', '绍兴市上虞区崧厦钢球厂'), ('regno', '330682000054983'), ('nocorpid', '3306824000002196'), ('corpid', '1F579A3421A8430F218B6D097521B7ECB08685D23A98ADDAD07DF06B5581D85C'), ('entUnscId', '913306041461328589')])
INFO: 2017-06-23 17:32:30,174  330682000054991 : OrderedDict([('name', '浙江浙风机电设备有限公司上虞沥海分公司'), ('regno', '330682000054991'), ('nocorpid', '3306820000118874'), ('corpid', '865E750EB7FC165F9CF319DF44C2B3ADB08685D23A98ADDAD07DF06B5581D85C'), ('entUnscId', None)])
